四月 26, 2016 12:45:31 上午 org.apache.catalina.startup.VersionLoggerListener log
信息: Server version:        Apache Tomcat/7.0.59
四月 26, 2016 12:45:31 上午 org.apache.catalina.startup.VersionLoggerListener log
信息: Server built:          Jan 28 2015 15:51:10 UTC
四月 26, 2016 12:45:31 上午 org.apache.catalina.startup.VersionLoggerListener log
信息: Server number:         7.0.59.0
四月 26, 2016 12:45:31 上午 org.apache.catalina.startup.VersionLoggerListener log
信息: OS Name:               Windows 8.1
四月 26, 2016 12:45:31 上午 org.apache.catalina.startup.VersionLoggerListener log
信息: OS Version:            6.3
四月 26, 2016 12:45:31 上午 org.apache.catalina.startup.VersionLoggerListener log
信息: Architecture:          x86
四月 26, 2016 12:45:31 上午 org.apache.catalina.startup.VersionLoggerListener log
信息: Java Home:             C:\vote\jdk1.8\jre
四月 26, 2016 12:45:31 上午 org.apache.catalina.startup.VersionLoggerListener log
信息: JVM Version:           1.8.0_40-b25
四月 26, 2016 12:45:31 上午 org.apache.catalina.startup.VersionLoggerListener log
信息: JVM Vendor:            Oracle Corporation
四月 26, 2016 12:45:31 上午 org.apache.catalina.startup.VersionLoggerListener log
信息: CATALINA_BASE:         C:\vote\Tomcat
四月 26, 2016 12:45:31 上午 org.apache.catalina.startup.VersionLoggerListener log
信息: CATALINA_HOME:         C:\vote\Tomcat
四月 26, 2016 12:45:31 上午 org.apache.catalina.startup.VersionLoggerListener log
信息: Command line argument: -Djava.util.logging.config.file=C:\vote\Tomcat\conf\logging.properties
四月 26, 2016 12:45:31 上午 org.apache.catalina.startup.VersionLoggerListener log
信息: Command line argument: -Djava.util.logging.manager=org.apache.juli.ClassLoaderLogManager
四月 26, 2016 12:45:31 上午 org.apache.catalina.startup.VersionLoggerListener log
信息: Command line argument: -Djava.endorsed.dirs=C:\vote\Tomcat\endorsed
四月 26, 2016 12:45:31 上午 org.apache.catalina.startup.VersionLoggerListener log
信息: Command line argument: -Dcatalina.base=C:\vote\Tomcat
四月 26, 2016 12:45:31 上午 org.apache.catalina.startup.VersionLoggerListener log
信息: Command line argument: -Dcatalina.home=C:\vote\Tomcat
四月 26, 2016 12:45:31 上午 org.apache.catalina.startup.VersionLoggerListener log
信息: Command line argument: -Djava.io.tmpdir=C:\vote\Tomcat\temp
四月 26, 2016 12:45:31 上午 org.apache.catalina.core.AprLifecycleListener lifecycleEvent
信息: The APR based Apache Tomcat Native library which allows optimal performance in production environments was not found on the java.library.path: C:\vote\jdk1.8\bin;C:\WINDOWS\Sun\Java\bin;C:\WINDOWS\system32;C:\WINDOWS;C:\vote\jdk1.8\bin;C:\vote\InnovationVote\WEB-INF\bin;C:\vote\jdk1.8\bin;C:\vote\InnovationVote\WEB-INF\bin;C:\ProgramData\Oracle\Java\javapath;C:\WINDOWS\system32;C:\WINDOWS;C:\WINDOWS\System32\Wbem;C:\WINDOWS\System32\WindowsPowerShell\v1.0\;C:\Program Files\MATLAB\R2015b\runtime\win64;C:\Program Files\MATLAB\R2015b\bin;C:\Program Files\MATLAB\R2015b\polyspace\bin;C:\Program Files (x86)\Windows Kits\8.1\Windows Performance Toolkit\;C:\Program Files\Microsoft SQL Server\110\Tools\Binn\;C:\Program Files (x86)\Microsoft SDKs\TypeScript\1.0\;C:\Program Files\Microsoft SQL Server\120\Tools\Binn\;e:\quarterusll\quartus\bin;C:\Program Files\Microsoft SQL Server\110\DTS\Binn\;C:\Program Files (x86)\Microsoft SQL Server\110\Tools\Binn\;C:\Program Files (x86)\Microsoft SQL Server\110\Tools\Binn\ManagementStudio\;C:\Program Files (x86)\Microsoft Visual Studio 10.0\Common7\IDE\PrivateAssemblies\;C:\Program Files (x86)\Microsoft SQL Server\110\DTS\Binn\;.
四月 26, 2016 12:45:32 上午 org.apache.coyote.AbstractProtocol init
信息: Initializing ProtocolHandler ["http-bio-33333"]
四月 26, 2016 12:45:32 上午 org.apache.coyote.AbstractProtocol init
信息: Initializing ProtocolHandler ["ajp-bio-8009"]
四月 26, 2016 12:45:32 上午 org.apache.catalina.startup.Catalina load
信息: Initialization processed in 1013 ms
四月 26, 2016 12:45:32 上午 org.apache.catalina.core.StandardService startInternal
信息: Starting service Catalina
四月 26, 2016 12:45:32 上午 org.apache.catalina.core.StandardEngine startInternal
信息: Starting Servlet Engine: Apache Tomcat/7.0.59
四月 26, 2016 12:45:35 上午 org.apache.catalina.util.SessionIdGeneratorBase createSecureRandom
信息: Creation of SecureRandom instance for session ID generation using [SHA1PRNG] took [135] milliseconds.
四月 26, 2016 12:45:35 上午 com.opensymphony.xwork2.util.logging.jdk.JdkLogger info
信息: Parsing configuration file [struts-default.xml]
四月 26, 2016 12:45:35 上午 com.opensymphony.xwork2.util.logging.jdk.JdkLogger info
信息: Parsing configuration file [struts-plugin.xml]
四月 26, 2016 12:45:35 上午 com.opensymphony.xwork2.util.logging.jdk.JdkLogger info
信息: Parsing configuration file [../struts.xml]
四月 26, 2016 12:45:35 上午 com.opensymphony.xwork2.util.logging.jdk.JdkLogger info
信息: Choosing bean (struts) for (com.opensymphony.xwork2.ObjectFactory)
四月 26, 2016 12:45:35 上午 com.opensymphony.xwork2.util.logging.jdk.JdkLogger info
信息: Choosing bean (struts) for (com.opensymphony.xwork2.factory.ActionFactory)
四月 26, 2016 12:45:35 上午 com.opensymphony.xwork2.util.logging.jdk.JdkLogger info
信息: Choosing bean (struts) for (com.opensymphony.xwork2.factory.ResultFactory)
四月 26, 2016 12:45:35 上午 com.opensymphony.xwork2.util.logging.jdk.JdkLogger info
信息: Choosing bean (struts) for (com.opensymphony.xwork2.factory.ConverterFactory)
四月 26, 2016 12:45:35 上午 com.opensymphony.xwork2.util.logging.jdk.JdkLogger info
信息: Choosing bean (struts) for (com.opensymphony.xwork2.factory.InterceptorFactory)
四月 26, 2016 12:45:35 上午 com.opensymphony.xwork2.util.logging.jdk.JdkLogger info
信息: Choosing bean (struts) for (com.opensymphony.xwork2.factory.ValidatorFactory)
四月 26, 2016 12:45:36 上午 com.opensymphony.xwork2.util.logging.jdk.JdkLogger info
信息: Choosing bean (struts) for (com.opensymphony.xwork2.factory.UnknownHandlerFactory)
四月 26, 2016 12:45:36 上午 com.opensymphony.xwork2.util.logging.jdk.JdkLogger info
信息: Choosing bean (struts) for (com.opensymphony.xwork2.FileManagerFactory)
四月 26, 2016 12:45:36 上午 com.opensymphony.xwork2.util.logging.jdk.JdkLogger info
信息: Choosing bean (struts) for (com.opensymphony.xwork2.conversion.impl.XWorkConverter)
四月 26, 2016 12:45:36 上午 com.opensymphony.xwork2.util.logging.jdk.JdkLogger info
信息: Choosing bean (struts) for (com.opensymphony.xwork2.conversion.impl.CollectionConverter)
四月 26, 2016 12:45:36 上午 com.opensymphony.xwork2.util.logging.jdk.JdkLogger info
信息: Choosing bean (struts) for (com.opensymphony.xwork2.conversion.impl.ArrayConverter)
四月 26, 2016 12:45:36 上午 com.opensymphony.xwork2.util.logging.jdk.JdkLogger info
信息: Choosing bean (struts) for (com.opensymphony.xwork2.conversion.impl.DateConverter)
四月 26, 2016 12:45:36 上午 com.opensymphony.xwork2.util.logging.jdk.JdkLogger info
信息: Choosing bean (struts) for (com.opensymphony.xwork2.conversion.impl.NumberConverter)
四月 26, 2016 12:45:36 上午 com.opensymphony.xwork2.util.logging.jdk.JdkLogger info
信息: Choosing bean (struts) for (com.opensymphony.xwork2.conversion.impl.StringConverter)
四月 26, 2016 12:45:36 上午 com.opensymphony.xwork2.util.logging.jdk.JdkLogger info
信息: Choosing bean (struts) for (com.opensymphony.xwork2.conversion.ConversionPropertiesProcessor)
四月 26, 2016 12:45:36 上午 com.opensymphony.xwork2.util.logging.jdk.JdkLogger info
信息: Choosing bean (struts) for (com.opensymphony.xwork2.conversion.ConversionFileProcessor)
四月 26, 2016 12:45:36 上午 com.opensymphony.xwork2.util.logging.jdk.JdkLogger info
信息: Choosing bean (struts) for (com.opensymphony.xwork2.conversion.ConversionAnnotationProcessor)
四月 26, 2016 12:45:36 上午 com.opensymphony.xwork2.util.logging.jdk.JdkLogger info
信息: Choosing bean (struts) for (com.opensymphony.xwork2.conversion.TypeConverterCreator)
四月 26, 2016 12:45:36 上午 com.opensymphony.xwork2.util.logging.jdk.JdkLogger info
信息: Choosing bean (struts) for (com.opensymphony.xwork2.conversion.TypeConverterHolder)
四月 26, 2016 12:45:36 上午 com.opensymphony.xwork2.util.logging.jdk.JdkLogger info
信息: Choosing bean (struts) for (com.opensymphony.xwork2.TextProvider)
四月 26, 2016 12:45:36 上午 com.opensymphony.xwork2.util.logging.jdk.JdkLogger info
信息: Choosing bean (struts) for (com.opensymphony.xwork2.LocaleProvider)
四月 26, 2016 12:45:36 上午 com.opensymphony.xwork2.util.logging.jdk.JdkLogger info
信息: Choosing bean (struts) for (com.opensymphony.xwork2.ActionProxyFactory)
四月 26, 2016 12:45:36 上午 com.opensymphony.xwork2.util.logging.jdk.JdkLogger info
信息: Choosing bean (struts) for (com.opensymphony.xwork2.conversion.ObjectTypeDeterminer)
四月 26, 2016 12:45:36 上午 com.opensymphony.xwork2.util.logging.jdk.JdkLogger info
信息: Choosing bean (struts) for (org.apache.struts2.dispatcher.mapper.ActionMapper)
四月 26, 2016 12:45:36 上午 com.opensymphony.xwork2.util.logging.jdk.JdkLogger info
信息: Choosing bean (jakarta) for (org.apache.struts2.dispatcher.multipart.MultiPartRequest)
四月 26, 2016 12:45:36 上午 com.opensymphony.xwork2.util.logging.jdk.JdkLogger info
信息: Choosing bean (struts) for (org.apache.struts2.views.freemarker.FreemarkerManager)
四月 26, 2016 12:45:36 上午 com.opensymphony.xwork2.util.logging.jdk.JdkLogger info
信息: Choosing bean (struts) for (org.apache.struts2.components.UrlRenderer)
四月 26, 2016 12:45:36 上午 com.opensymphony.xwork2.util.logging.jdk.JdkLogger info
信息: Choosing bean (struts) for (com.opensymphony.xwork2.validator.ActionValidatorManager)
四月 26, 2016 12:45:36 上午 com.opensymphony.xwork2.util.logging.jdk.JdkLogger info
信息: Choosing bean (struts) for (com.opensymphony.xwork2.util.ValueStackFactory)
四月 26, 2016 12:45:36 上午 com.opensymphony.xwork2.util.logging.jdk.JdkLogger info
信息: Choosing bean (struts) for (com.opensymphony.xwork2.util.reflection.ReflectionProvider)
四月 26, 2016 12:45:36 上午 com.opensymphony.xwork2.util.logging.jdk.JdkLogger info
信息: Choosing bean (struts) for (com.opensymphony.xwork2.util.reflection.ReflectionContextFactory)
四月 26, 2016 12:45:36 上午 com.opensymphony.xwork2.util.logging.jdk.JdkLogger info
信息: Choosing bean (struts) for (com.opensymphony.xwork2.util.PatternMatcher)
四月 26, 2016 12:45:36 上午 com.opensymphony.xwork2.util.logging.jdk.JdkLogger info
信息: Choosing bean (struts) for (org.apache.struts2.dispatcher.StaticContentLoader)
四月 26, 2016 12:45:36 上午 com.opensymphony.xwork2.util.logging.jdk.JdkLogger info
信息: Choosing bean (struts) for (com.opensymphony.xwork2.UnknownHandlerManager)
四月 26, 2016 12:45:36 上午 com.opensymphony.xwork2.util.logging.jdk.JdkLogger info
信息: Choosing bean (struts) for (org.apache.struts2.views.util.UrlHelper)
四月 26, 2016 12:45:36 上午 com.opensymphony.xwork2.util.logging.jdk.JdkLogger info
信息: Choosing bean (struts) for (com.opensymphony.xwork2.util.TextParser)
四月 26, 2016 12:45:36 上午 com.opensymphony.xwork2.util.logging.jdk.JdkLogger info
信息: Choosing bean (struts) for (org.apache.struts2.dispatcher.DispatcherErrorHandler)
四月 26, 2016 12:45:36 上午 com.opensymphony.xwork2.util.logging.jdk.JdkLogger info
信息: Choosing bean (struts) for (com.opensymphony.xwork2.security.ExcludedPatternsChecker)
四月 26, 2016 12:45:36 上午 com.opensymphony.xwork2.util.logging.jdk.JdkLogger info
信息: Choosing bean (struts) for (com.opensymphony.xwork2.security.AcceptedPatternsChecker)
四月 26, 2016 12:45:36 上午 org.apache.catalina.startup.HostConfig deployDirectory
信息: Deploying web application directory C:\vote\InnovationVote\bin
四月 26, 2016 12:45:36 上午 org.apache.catalina.startup.HostConfig deployDirectory
信息: Deployment of web application directory C:\vote\InnovationVote\bin has finished in 51 ms
四月 26, 2016 12:45:36 上午 org.apache.catalina.startup.HostConfig deployDirectory
信息: Deploying web application directory C:\vote\InnovationVote\css
四月 26, 2016 12:45:36 上午 org.apache.catalina.startup.HostConfig deployDirectory
信息: Deployment of web application directory C:\vote\InnovationVote\css has finished in 54 ms
四月 26, 2016 12:45:36 上午 org.apache.catalina.startup.HostConfig deployDirectory
信息: Deploying web application directory C:\vote\InnovationVote\fonts
四月 26, 2016 12:45:36 上午 org.apache.catalina.startup.HostConfig deployDirectory
信息: Deployment of web application directory C:\vote\InnovationVote\fonts has finished in 54 ms
四月 26, 2016 12:45:36 上午 org.apache.catalina.startup.HostConfig deployDirectory
信息: Deploying web application directory C:\vote\InnovationVote\images
四月 26, 2016 12:45:36 上午 org.apache.catalina.startup.HostConfig deployDirectory
信息: Deployment of web application directory C:\vote\InnovationVote\images has finished in 44 ms
四月 26, 2016 12:45:36 上午 org.apache.catalina.startup.HostConfig deployDirectory
信息: Deploying web application directory C:\vote\InnovationVote\js
四月 26, 2016 12:45:36 上午 org.apache.catalina.startup.HostConfig deployDirectory
信息: Deployment of web application directory C:\vote\InnovationVote\js has finished in 38 ms
四月 26, 2016 12:45:36 上午 org.apache.catalina.startup.HostConfig deployDirectory
信息: Deploying web application directory C:\vote\InnovationVote\jsp
四月 26, 2016 12:45:36 上午 org.apache.catalina.startup.HostConfig deployDirectory
信息: Deployment of web application directory C:\vote\InnovationVote\jsp has finished in 35 ms
四月 26, 2016 12:45:36 上午 org.apache.catalina.startup.HostConfig deployDirectory
信息: Deploying web application directory C:\vote\InnovationVote\logs
四月 26, 2016 12:45:36 上午 org.apache.catalina.startup.HostConfig deployDirectory
信息: Deployment of web application directory C:\vote\InnovationVote\logs has finished in 63 ms
四月 26, 2016 12:45:36 上午 org.apache.catalina.startup.HostConfig deployDirectory
信息: Deploying web application directory C:\vote\InnovationVote\picture
四月 26, 2016 12:45:36 上午 org.apache.catalina.startup.HostConfig deployDirectory
信息: Deployment of web application directory C:\vote\InnovationVote\picture has finished in 42 ms
四月 26, 2016 12:45:36 上午 org.apache.coyote.AbstractProtocol start
信息: Starting ProtocolHandler ["http-bio-33333"]
四月 26, 2016 12:45:36 上午 org.apache.coyote.AbstractProtocol start
信息: Starting ProtocolHandler ["ajp-bio-8009"]
四月 26, 2016 12:45:36 上午 org.apache.catalina.startup.Catalina start
信息: Server startup in 4684 ms
四月 26, 2016 12:46:42 上午 org.apache.jasper.compiler.TldLocationsCache tldScanJar
信息: At least one JAR was scanned for TLDs yet contained no TLDs. Enable debug logging for this logger for a complete list of JARs that were scanned but no TLDs were found in them. Skipping unneeded JARs during scanning can improve startup time and JSP compilation time.
四月 26, 2016 12:47:17 上午 com.opensymphony.xwork2.util.logging.jdk.JdkLogger info
信息: Unable to find 'struts.multipart.saveDir' property setting. Defaulting to javax.servlet.context.tempdir
四月 26, 2016 12:48:19 上午 org.apache.coyote.AbstractProtocol pause
信息: Pausing ProtocolHandler ["http-bio-33333"]
四月 26, 2016 12:48:38 上午 org.apache.catalina.startup.Catalina stopServer
严重: Could not contact localhost:8005. Tomcat may not be running.
四月 26, 2016 12:48:38 上午 org.apache.catalina.startup.Catalina stopServer
严重: Catalina.stop: 
java.net.ConnectException: Connection refused: connect
	at java.net.DualStackPlainSocketImpl.connect0(Native Method)
	at java.net.DualStackPlainSocketImpl.socketConnect(DualStackPlainSocketImpl.java:79)
	at java.net.AbstractPlainSocketImpl.doConnect(AbstractPlainSocketImpl.java:345)
	at java.net.AbstractPlainSocketImpl.connectToAddress(AbstractPlainSocketImpl.java:206)
	at java.net.AbstractPlainSocketImpl.connect(AbstractPlainSocketImpl.java:188)
	at java.net.PlainSocketImpl.connect(PlainSocketImpl.java:172)
	at java.net.SocksSocketImpl.connect(SocksSocketImpl.java:392)
	at java.net.Socket.connect(Socket.java:589)
	at java.net.Socket.connect(Socket.java:538)
	at java.net.Socket.<init>(Socket.java:434)
	at java.net.Socket.<init>(Socket.java:211)
	at org.apache.catalina.startup.Catalina.stopServer(Catalina.java:498)
	at sun.reflect.NativeMethodAccessorImpl.invoke0(Native Method)
	at sun.reflect.NativeMethodAccessorImpl.invoke(NativeMethodAccessorImpl.java:62)
	at sun.reflect.DelegatingMethodAccessorImpl.invoke(DelegatingMethodAccessorImpl.java:43)
	at java.lang.reflect.Method.invoke(Method.java:497)
	at org.apache.catalina.startup.Bootstrap.stopServer(Bootstrap.java:370)
	at org.apache.catalina.startup.Bootstrap.main(Bootstrap.java:457)

四月 26, 2016 1:10:04 上午 org.apache.catalina.startup.VersionLoggerListener log
信息: Server version:        Apache Tomcat/7.0.59
四月 26, 2016 1:10:04 上午 org.apache.catalina.startup.VersionLoggerListener log
信息: Server built:          Jan 28 2015 15:51:10 UTC
四月 26, 2016 1:10:04 上午 org.apache.catalina.startup.VersionLoggerListener log
信息: Server number:         7.0.59.0
四月 26, 2016 1:10:04 上午 org.apache.catalina.startup.VersionLoggerListener log
信息: OS Name:               Windows 8.1
四月 26, 2016 1:10:04 上午 org.apache.catalina.startup.VersionLoggerListener log
信息: OS Version:            6.3
四月 26, 2016 1:10:04 上午 org.apache.catalina.startup.VersionLoggerListener log
信息: Architecture:          x86
四月 26, 2016 1:10:04 上午 org.apache.catalina.startup.VersionLoggerListener log
信息: Java Home:             C:\vote\jdk1.8\jre
四月 26, 2016 1:10:04 上午 org.apache.catalina.startup.VersionLoggerListener log
信息: JVM Version:           1.8.0_40-b25
四月 26, 2016 1:10:04 上午 org.apache.catalina.startup.VersionLoggerListener log
信息: JVM Vendor:            Oracle Corporation
四月 26, 2016 1:10:04 上午 org.apache.catalina.startup.VersionLoggerListener log
信息: CATALINA_BASE:         C:\vote\Tomcat
四月 26, 2016 1:10:04 上午 org.apache.catalina.startup.VersionLoggerListener log
信息: CATALINA_HOME:         C:\vote\Tomcat
四月 26, 2016 1:10:04 上午 org.apache.catalina.startup.VersionLoggerListener log
信息: Command line argument: -Djava.util.logging.config.file=C:\vote\Tomcat\conf\logging.properties
四月 26, 2016 1:10:04 上午 org.apache.catalina.startup.VersionLoggerListener log
信息: Command line argument: -Djava.util.logging.manager=org.apache.juli.ClassLoaderLogManager
四月 26, 2016 1:10:04 上午 org.apache.catalina.startup.VersionLoggerListener log
信息: Command line argument: -Djava.endorsed.dirs=C:\vote\Tomcat\endorsed
四月 26, 2016 1:10:04 上午 org.apache.catalina.startup.VersionLoggerListener log
信息: Command line argument: -Dcatalina.base=C:\vote\Tomcat
四月 26, 2016 1:10:04 上午 org.apache.catalina.startup.VersionLoggerListener log
信息: Command line argument: -Dcatalina.home=C:\vote\Tomcat
四月 26, 2016 1:10:04 上午 org.apache.catalina.startup.VersionLoggerListener log
信息: Command line argument: -Djava.io.tmpdir=C:\vote\Tomcat\temp
四月 26, 2016 1:10:04 上午 org.apache.catalina.core.AprLifecycleListener lifecycleEvent
信息: The APR based Apache Tomcat Native library which allows optimal performance in production environments was not found on the java.library.path: C:\vote\jdk1.8\bin;C:\WINDOWS\Sun\Java\bin;C:\WINDOWS\system32;C:\WINDOWS;C:\vote\jdk1.8\bin;C:\vote\InnovationVote\WEB-INF\bin;C:\vote\jdk1.8\bin;C:\vote\InnovationVote\WEB-INF\bin;C:\ProgramData\Oracle\Java\javapath;C:\WINDOWS\system32;C:\WINDOWS;C:\WINDOWS\System32\Wbem;C:\WINDOWS\System32\WindowsPowerShell\v1.0\;C:\Program Files\MATLAB\R2015b\runtime\win64;C:\Program Files\MATLAB\R2015b\bin;C:\Program Files\MATLAB\R2015b\polyspace\bin;C:\Program Files (x86)\Windows Kits\8.1\Windows Performance Toolkit\;C:\Program Files\Microsoft SQL Server\110\Tools\Binn\;C:\Program Files (x86)\Microsoft SDKs\TypeScript\1.0\;C:\Program Files\Microsoft SQL Server\120\Tools\Binn\;e:\quarterusll\quartus\bin;C:\Program Files\Microsoft SQL Server\110\DTS\Binn\;C:\Program Files (x86)\Microsoft SQL Server\110\Tools\Binn\;C:\Program Files (x86)\Microsoft SQL Server\110\Tools\Binn\ManagementStudio\;C:\Program Files (x86)\Microsoft Visual Studio 10.0\Common7\IDE\PrivateAssemblies\;C:\Program Files (x86)\Microsoft SQL Server\110\DTS\Binn\;.
四月 26, 2016 1:10:04 上午 org.apache.coyote.AbstractProtocol init
信息: Initializing ProtocolHandler ["http-bio-33333"]
四月 26, 2016 1:10:04 上午 org.apache.coyote.AbstractProtocol init
信息: Initializing ProtocolHandler ["ajp-bio-8009"]
四月 26, 2016 1:10:04 上午 org.apache.catalina.startup.Catalina load
信息: Initialization processed in 416 ms
四月 26, 2016 1:10:04 上午 org.apache.catalina.core.StandardService startInternal
信息: Starting service Catalina
四月 26, 2016 1:10:04 上午 org.apache.catalina.core.StandardEngine startInternal
信息: Starting Servlet Engine: Apache Tomcat/7.0.59
四月 26, 2016 1:10:05 上午 com.opensymphony.xwork2.util.logging.jdk.JdkLogger info
信息: Parsing configuration file [struts-default.xml]
四月 26, 2016 1:10:05 上午 com.opensymphony.xwork2.util.logging.jdk.JdkLogger info
信息: Parsing configuration file [struts-plugin.xml]
四月 26, 2016 1:10:05 上午 com.opensymphony.xwork2.util.logging.jdk.JdkLogger info
信息: Parsing configuration file [../struts.xml]
四月 26, 2016 1:10:05 上午 com.opensymphony.xwork2.util.logging.jdk.JdkLogger info
信息: Choosing bean (struts) for (com.opensymphony.xwork2.ObjectFactory)
四月 26, 2016 1:10:05 上午 com.opensymphony.xwork2.util.logging.jdk.JdkLogger info
信息: Choosing bean (struts) for (com.opensymphony.xwork2.factory.ActionFactory)
四月 26, 2016 1:10:05 上午 com.opensymphony.xwork2.util.logging.jdk.JdkLogger info
信息: Choosing bean (struts) for (com.opensymphony.xwork2.factory.ResultFactory)
四月 26, 2016 1:10:05 上午 com.opensymphony.xwork2.util.logging.jdk.JdkLogger info
信息: Choosing bean (struts) for (com.opensymphony.xwork2.factory.ConverterFactory)
四月 26, 2016 1:10:05 上午 com.opensymphony.xwork2.util.logging.jdk.JdkLogger info
信息: Choosing bean (struts) for (com.opensymphony.xwork2.factory.InterceptorFactory)
四月 26, 2016 1:10:05 上午 com.opensymphony.xwork2.util.logging.jdk.JdkLogger info
信息: Choosing bean (struts) for (com.opensymphony.xwork2.factory.ValidatorFactory)
四月 26, 2016 1:10:05 上午 com.opensymphony.xwork2.util.logging.jdk.JdkLogger info
信息: Choosing bean (struts) for (com.opensymphony.xwork2.factory.UnknownHandlerFactory)
四月 26, 2016 1:10:05 上午 com.opensymphony.xwork2.util.logging.jdk.JdkLogger info
信息: Choosing bean (struts) for (com.opensymphony.xwork2.FileManagerFactory)
四月 26, 2016 1:10:05 上午 com.opensymphony.xwork2.util.logging.jdk.JdkLogger info
信息: Choosing bean (struts) for (com.opensymphony.xwork2.conversion.impl.XWorkConverter)
四月 26, 2016 1:10:05 上午 com.opensymphony.xwork2.util.logging.jdk.JdkLogger info
信息: Choosing bean (struts) for (com.opensymphony.xwork2.conversion.impl.CollectionConverter)
四月 26, 2016 1:10:05 上午 com.opensymphony.xwork2.util.logging.jdk.JdkLogger info
信息: Choosing bean (struts) for (com.opensymphony.xwork2.conversion.impl.ArrayConverter)
四月 26, 2016 1:10:05 上午 com.opensymphony.xwork2.util.logging.jdk.JdkLogger info
信息: Choosing bean (struts) for (com.opensymphony.xwork2.conversion.impl.DateConverter)
四月 26, 2016 1:10:05 上午 com.opensymphony.xwork2.util.logging.jdk.JdkLogger info
信息: Choosing bean (struts) for (com.opensymphony.xwork2.conversion.impl.NumberConverter)
四月 26, 2016 1:10:05 上午 com.opensymphony.xwork2.util.logging.jdk.JdkLogger info
信息: Choosing bean (struts) for (com.opensymphony.xwork2.conversion.impl.StringConverter)
四月 26, 2016 1:10:05 上午 com.opensymphony.xwork2.util.logging.jdk.JdkLogger info
信息: Choosing bean (struts) for (com.opensymphony.xwork2.conversion.ConversionPropertiesProcessor)
四月 26, 2016 1:10:05 上午 com.opensymphony.xwork2.util.logging.jdk.JdkLogger info
信息: Choosing bean (struts) for (com.opensymphony.xwork2.conversion.ConversionFileProcessor)
四月 26, 2016 1:10:05 上午 com.opensymphony.xwork2.util.logging.jdk.JdkLogger info
信息: Choosing bean (struts) for (com.opensymphony.xwork2.conversion.ConversionAnnotationProcessor)
四月 26, 2016 1:10:05 上午 com.opensymphony.xwork2.util.logging.jdk.JdkLogger info
信息: Choosing bean (struts) for (com.opensymphony.xwork2.conversion.TypeConverterCreator)
四月 26, 2016 1:10:05 上午 com.opensymphony.xwork2.util.logging.jdk.JdkLogger info
信息: Choosing bean (struts) for (com.opensymphony.xwork2.conversion.TypeConverterHolder)
四月 26, 2016 1:10:05 上午 com.opensymphony.xwork2.util.logging.jdk.JdkLogger info
信息: Choosing bean (struts) for (com.opensymphony.xwork2.TextProvider)
四月 26, 2016 1:10:05 上午 com.opensymphony.xwork2.util.logging.jdk.JdkLogger info
信息: Choosing bean (struts) for (com.opensymphony.xwork2.LocaleProvider)
四月 26, 2016 1:10:05 上午 com.opensymphony.xwork2.util.logging.jdk.JdkLogger info
信息: Choosing bean (struts) for (com.opensymphony.xwork2.ActionProxyFactory)
四月 26, 2016 1:10:05 上午 com.opensymphony.xwork2.util.logging.jdk.JdkLogger info
信息: Choosing bean (struts) for (com.opensymphony.xwork2.conversion.ObjectTypeDeterminer)
四月 26, 2016 1:10:05 上午 com.opensymphony.xwork2.util.logging.jdk.JdkLogger info
信息: Choosing bean (struts) for (org.apache.struts2.dispatcher.mapper.ActionMapper)
四月 26, 2016 1:10:05 上午 com.opensymphony.xwork2.util.logging.jdk.JdkLogger info
信息: Choosing bean (jakarta) for (org.apache.struts2.dispatcher.multipart.MultiPartRequest)
四月 26, 2016 1:10:05 上午 com.opensymphony.xwork2.util.logging.jdk.JdkLogger info
信息: Choosing bean (struts) for (org.apache.struts2.views.freemarker.FreemarkerManager)
四月 26, 2016 1:10:05 上午 com.opensymphony.xwork2.util.logging.jdk.JdkLogger info
信息: Choosing bean (struts) for (org.apache.struts2.components.UrlRenderer)
四月 26, 2016 1:10:05 上午 com.opensymphony.xwork2.util.logging.jdk.JdkLogger info
信息: Choosing bean (struts) for (com.opensymphony.xwork2.validator.ActionValidatorManager)
四月 26, 2016 1:10:05 上午 com.opensymphony.xwork2.util.logging.jdk.JdkLogger info
信息: Choosing bean (struts) for (com.opensymphony.xwork2.util.ValueStackFactory)
四月 26, 2016 1:10:05 上午 com.opensymphony.xwork2.util.logging.jdk.JdkLogger info
信息: Choosing bean (struts) for (com.opensymphony.xwork2.util.reflection.ReflectionProvider)
四月 26, 2016 1:10:05 上午 com.opensymphony.xwork2.util.logging.jdk.JdkLogger info
信息: Choosing bean (struts) for (com.opensymphony.xwork2.util.reflection.ReflectionContextFactory)
四月 26, 2016 1:10:05 上午 com.opensymphony.xwork2.util.logging.jdk.JdkLogger info
信息: Choosing bean (struts) for (com.opensymphony.xwork2.util.PatternMatcher)
四月 26, 2016 1:10:05 上午 com.opensymphony.xwork2.util.logging.jdk.JdkLogger info
信息: Choosing bean (struts) for (org.apache.struts2.dispatcher.StaticContentLoader)
四月 26, 2016 1:10:05 上午 com.opensymphony.xwork2.util.logging.jdk.JdkLogger info
信息: Choosing bean (struts) for (com.opensymphony.xwork2.UnknownHandlerManager)
四月 26, 2016 1:10:05 上午 com.opensymphony.xwork2.util.logging.jdk.JdkLogger info
信息: Choosing bean (struts) for (org.apache.struts2.views.util.UrlHelper)
四月 26, 2016 1:10:05 上午 com.opensymphony.xwork2.util.logging.jdk.JdkLogger info
信息: Choosing bean (struts) for (com.opensymphony.xwork2.util.TextParser)
四月 26, 2016 1:10:05 上午 com.opensymphony.xwork2.util.logging.jdk.JdkLogger info
信息: Choosing bean (struts) for (org.apache.struts2.dispatcher.DispatcherErrorHandler)
四月 26, 2016 1:10:05 上午 com.opensymphony.xwork2.util.logging.jdk.JdkLogger info
信息: Choosing bean (struts) for (com.opensymphony.xwork2.security.ExcludedPatternsChecker)
四月 26, 2016 1:10:05 上午 com.opensymphony.xwork2.util.logging.jdk.JdkLogger info
信息: Choosing bean (struts) for (com.opensymphony.xwork2.security.AcceptedPatternsChecker)
四月 26, 2016 1:10:05 上午 org.apache.catalina.startup.HostConfig deployDirectory
信息: Deploying web application directory C:\vote\InnovationVote\bin
四月 26, 2016 1:10:05 上午 org.apache.catalina.startup.HostConfig deployDirectory
信息: Deployment of web application directory C:\vote\InnovationVote\bin has finished in 49 ms
四月 26, 2016 1:10:05 上午 org.apache.catalina.startup.HostConfig deployDirectory
信息: Deploying web application directory C:\vote\InnovationVote\css
四月 26, 2016 1:10:05 上午 org.apache.catalina.startup.HostConfig deployDirectory
信息: Deployment of web application directory C:\vote\InnovationVote\css has finished in 47 ms
四月 26, 2016 1:10:05 上午 org.apache.catalina.startup.HostConfig deployDirectory
信息: Deploying web application directory C:\vote\InnovationVote\fonts
四月 26, 2016 1:10:05 上午 org.apache.catalina.startup.HostConfig deployDirectory
信息: Deployment of web application directory C:\vote\InnovationVote\fonts has finished in 47 ms
四月 26, 2016 1:10:05 上午 org.apache.catalina.startup.HostConfig deployDirectory
信息: Deploying web application directory C:\vote\InnovationVote\images
四月 26, 2016 1:10:05 上午 org.apache.catalina.startup.HostConfig deployDirectory
信息: Deployment of web application directory C:\vote\InnovationVote\images has finished in 43 ms
四月 26, 2016 1:10:05 上午 org.apache.catalina.startup.HostConfig deployDirectory
信息: Deploying web application directory C:\vote\InnovationVote\js
四月 26, 2016 1:10:06 上午 org.apache.catalina.startup.HostConfig deployDirectory
信息: Deployment of web application directory C:\vote\InnovationVote\js has finished in 46 ms
四月 26, 2016 1:10:06 上午 org.apache.catalina.startup.HostConfig deployDirectory
信息: Deploying web application directory C:\vote\InnovationVote\jsp
四月 26, 2016 1:10:06 上午 org.apache.catalina.startup.HostConfig deployDirectory
信息: Deployment of web application directory C:\vote\InnovationVote\jsp has finished in 62 ms
四月 26, 2016 1:10:06 上午 org.apache.catalina.startup.HostConfig deployDirectory
信息: Deploying web application directory C:\vote\InnovationVote\logs
四月 26, 2016 1:10:06 上午 org.apache.catalina.startup.HostConfig deployDirectory
信息: Deployment of web application directory C:\vote\InnovationVote\logs has finished in 35 ms
四月 26, 2016 1:10:06 上午 org.apache.catalina.startup.HostConfig deployDirectory
信息: Deploying web application directory C:\vote\InnovationVote\picture
四月 26, 2016 1:10:06 上午 org.apache.catalina.startup.HostConfig deployDirectory
信息: Deployment of web application directory C:\vote\InnovationVote\picture has finished in 40 ms
四月 26, 2016 1:10:06 上午 org.apache.coyote.AbstractProtocol start
信息: Starting ProtocolHandler ["http-bio-33333"]
四月 26, 2016 1:10:06 上午 org.apache.coyote.AbstractProtocol start
信息: Starting ProtocolHandler ["ajp-bio-8009"]
四月 26, 2016 1:10:06 上午 org.apache.catalina.startup.Catalina start
信息: Server startup in 1997 ms
四月 26, 2016 1:13:45 上午 org.apache.catalina.startup.Catalina stopServer
严重: Could not contact localhost:8005. Tomcat may not be running.
四月 26, 2016 1:13:45 上午 org.apache.catalina.startup.Catalina stopServer
严重: Catalina.stop: 
java.net.ConnectException: Connection refused: connect
	at java.net.DualStackPlainSocketImpl.connect0(Native Method)
	at java.net.DualStackPlainSocketImpl.socketConnect(DualStackPlainSocketImpl.java:79)
	at java.net.AbstractPlainSocketImpl.doConnect(AbstractPlainSocketImpl.java:345)
	at java.net.AbstractPlainSocketImpl.connectToAddress(AbstractPlainSocketImpl.java:206)
	at java.net.AbstractPlainSocketImpl.connect(AbstractPlainSocketImpl.java:188)
	at java.net.PlainSocketImpl.connect(PlainSocketImpl.java:172)
	at java.net.SocksSocketImpl.connect(SocksSocketImpl.java:392)
	at java.net.Socket.connect(Socket.java:589)
	at java.net.Socket.connect(Socket.java:538)
	at java.net.Socket.<init>(Socket.java:434)
	at java.net.Socket.<init>(Socket.java:211)
	at org.apache.catalina.startup.Catalina.stopServer(Catalina.java:498)
	at sun.reflect.NativeMethodAccessorImpl.invoke0(Native Method)
	at sun.reflect.NativeMethodAccessorImpl.invoke(NativeMethodAccessorImpl.java:62)
	at sun.reflect.DelegatingMethodAccessorImpl.invoke(DelegatingMethodAccessorImpl.java:43)
	at java.lang.reflect.Method.invoke(Method.java:497)
	at org.apache.catalina.startup.Bootstrap.stopServer(Bootstrap.java:370)
	at org.apache.catalina.startup.Bootstrap.main(Bootstrap.java:457)

四月 26, 2016 5:11:34 下午 org.apache.catalina.startup.VersionLoggerListener log
信息: Server version:        Apache Tomcat/7.0.59
四月 26, 2016 5:11:34 下午 org.apache.catalina.startup.VersionLoggerListener log
信息: Server built:          Jan 28 2015 15:51:10 UTC
四月 26, 2016 5:11:34 下午 org.apache.catalina.startup.VersionLoggerListener log
信息: Server number:         7.0.59.0
四月 26, 2016 5:11:34 下午 org.apache.catalina.startup.VersionLoggerListener log
信息: OS Name:               Windows 8.1
四月 26, 2016 5:11:34 下午 org.apache.catalina.startup.VersionLoggerListener log
信息: OS Version:            6.3
四月 26, 2016 5:11:34 下午 org.apache.catalina.startup.VersionLoggerListener log
信息: Architecture:          x86
四月 26, 2016 5:11:34 下午 org.apache.catalina.startup.VersionLoggerListener log
信息: Java Home:             C:\vote\jdk1.8\jre
四月 26, 2016 5:11:34 下午 org.apache.catalina.startup.VersionLoggerListener log
信息: JVM Version:           1.8.0_40-b25
四月 26, 2016 5:11:34 下午 org.apache.catalina.startup.VersionLoggerListener log
信息: JVM Vendor:            Oracle Corporation
四月 26, 2016 5:11:34 下午 org.apache.catalina.startup.VersionLoggerListener log
信息: CATALINA_BASE:         C:\vote\Tomcat
四月 26, 2016 5:11:34 下午 org.apache.catalina.startup.VersionLoggerListener log
信息: CATALINA_HOME:         C:\vote\Tomcat
四月 26, 2016 5:11:34 下午 org.apache.catalina.startup.VersionLoggerListener log
信息: Command line argument: -Djava.util.logging.config.file=C:\vote\Tomcat\conf\logging.properties
四月 26, 2016 5:11:34 下午 org.apache.catalina.startup.VersionLoggerListener log
信息: Command line argument: -Djava.util.logging.manager=org.apache.juli.ClassLoaderLogManager
四月 26, 2016 5:11:34 下午 org.apache.catalina.startup.VersionLoggerListener log
信息: Command line argument: -Djava.endorsed.dirs=C:\vote\Tomcat\endorsed
四月 26, 2016 5:11:34 下午 org.apache.catalina.startup.VersionLoggerListener log
信息: Command line argument: -Dcatalina.base=C:\vote\Tomcat
四月 26, 2016 5:11:34 下午 org.apache.catalina.startup.VersionLoggerListener log
信息: Command line argument: -Dcatalina.home=C:\vote\Tomcat
四月 26, 2016 5:11:34 下午 org.apache.catalina.startup.VersionLoggerListener log
信息: Command line argument: -Djava.io.tmpdir=C:\vote\Tomcat\temp
四月 26, 2016 5:11:34 下午 org.apache.catalina.core.AprLifecycleListener lifecycleEvent
信息: The APR based Apache Tomcat Native library which allows optimal performance in production environments was not found on the java.library.path: C:\vote\jdk1.8\bin;C:\WINDOWS\Sun\Java\bin;C:\WINDOWS\system32;C:\WINDOWS;C:\vote\jdk1.8\bin;C:\vote\InnovationVote\WEB-INF\bin;C:\vote\jdk1.8\bin;C:\vote\InnovationVote\WEB-INF\bin;C:\ProgramData\Oracle\Java\javapath;C:\WINDOWS\system32;C:\WINDOWS;C:\WINDOWS\System32\Wbem;C:\WINDOWS\System32\WindowsPowerShell\v1.0\;C:\Program Files\MATLAB\R2015b\runtime\win64;C:\Program Files\MATLAB\R2015b\bin;C:\Program Files\MATLAB\R2015b\polyspace\bin;C:\Program Files (x86)\Windows Kits\8.1\Windows Performance Toolkit\;C:\Program Files\Microsoft SQL Server\110\Tools\Binn\;C:\Program Files (x86)\Microsoft SDKs\TypeScript\1.0\;C:\Program Files\Microsoft SQL Server\120\Tools\Binn\;e:\quarterusll\quartus\bin;C:\Program Files\Microsoft SQL Server\110\DTS\Binn\;C:\Program Files (x86)\Microsoft SQL Server\110\Tools\Binn\;C:\Program Files (x86)\Microsoft SQL Server\110\Tools\Binn\ManagementStudio\;C:\Program Files (x86)\Microsoft Visual Studio 10.0\Common7\IDE\PrivateAssemblies\;C:\Program Files (x86)\Microsoft SQL Server\110\DTS\Binn\;.
四月 26, 2016 5:11:34 下午 org.apache.coyote.AbstractProtocol init
信息: Initializing ProtocolHandler ["http-bio-33333"]
四月 26, 2016 5:11:34 下午 org.apache.coyote.AbstractProtocol init
信息: Initializing ProtocolHandler ["ajp-bio-8009"]
四月 26, 2016 5:11:34 下午 org.apache.catalina.startup.Catalina load
信息: Initialization processed in 373 ms
四月 26, 2016 5:11:34 下午 org.apache.catalina.core.StandardService startInternal
信息: Starting service Catalina
四月 26, 2016 5:11:34 下午 org.apache.catalina.core.StandardEngine startInternal
信息: Starting Servlet Engine: Apache Tomcat/7.0.59
四月 26, 2016 5:11:35 下午 com.opensymphony.xwork2.util.logging.jdk.JdkLogger info
信息: Parsing configuration file [struts-default.xml]
四月 26, 2016 5:11:35 下午 com.opensymphony.xwork2.util.logging.jdk.JdkLogger info
信息: Parsing configuration file [struts-plugin.xml]
四月 26, 2016 5:11:35 下午 com.opensymphony.xwork2.util.logging.jdk.JdkLogger info
信息: Parsing configuration file [../struts.xml]
四月 26, 2016 5:11:36 下午 com.opensymphony.xwork2.util.logging.jdk.JdkLogger info
信息: Choosing bean (struts) for (com.opensymphony.xwork2.ObjectFactory)
四月 26, 2016 5:11:36 下午 com.opensymphony.xwork2.util.logging.jdk.JdkLogger info
信息: Choosing bean (struts) for (com.opensymphony.xwork2.factory.ActionFactory)
四月 26, 2016 5:11:36 下午 com.opensymphony.xwork2.util.logging.jdk.JdkLogger info
信息: Choosing bean (struts) for (com.opensymphony.xwork2.factory.ResultFactory)
四月 26, 2016 5:11:36 下午 com.opensymphony.xwork2.util.logging.jdk.JdkLogger info
信息: Choosing bean (struts) for (com.opensymphony.xwork2.factory.ConverterFactory)
四月 26, 2016 5:11:36 下午 com.opensymphony.xwork2.util.logging.jdk.JdkLogger info
信息: Choosing bean (struts) for (com.opensymphony.xwork2.factory.InterceptorFactory)
四月 26, 2016 5:11:36 下午 com.opensymphony.xwork2.util.logging.jdk.JdkLogger info
信息: Choosing bean (struts) for (com.opensymphony.xwork2.factory.ValidatorFactory)
四月 26, 2016 5:11:36 下午 com.opensymphony.xwork2.util.logging.jdk.JdkLogger info
信息: Choosing bean (struts) for (com.opensymphony.xwork2.factory.UnknownHandlerFactory)
四月 26, 2016 5:11:36 下午 com.opensymphony.xwork2.util.logging.jdk.JdkLogger info
信息: Choosing bean (struts) for (com.opensymphony.xwork2.FileManagerFactory)
四月 26, 2016 5:11:36 下午 com.opensymphony.xwork2.util.logging.jdk.JdkLogger info
信息: Choosing bean (struts) for (com.opensymphony.xwork2.conversion.impl.XWorkConverter)
四月 26, 2016 5:11:36 下午 com.opensymphony.xwork2.util.logging.jdk.JdkLogger info
信息: Choosing bean (struts) for (com.opensymphony.xwork2.conversion.impl.CollectionConverter)
四月 26, 2016 5:11:36 下午 com.opensymphony.xwork2.util.logging.jdk.JdkLogger info
信息: Choosing bean (struts) for (com.opensymphony.xwork2.conversion.impl.ArrayConverter)
四月 26, 2016 5:11:36 下午 com.opensymphony.xwork2.util.logging.jdk.JdkLogger info
信息: Choosing bean (struts) for (com.opensymphony.xwork2.conversion.impl.DateConverter)
四月 26, 2016 5:11:36 下午 com.opensymphony.xwork2.util.logging.jdk.JdkLogger info
信息: Choosing bean (struts) for (com.opensymphony.xwork2.conversion.impl.NumberConverter)
四月 26, 2016 5:11:36 下午 com.opensymphony.xwork2.util.logging.jdk.JdkLogger info
信息: Choosing bean (struts) for (com.opensymphony.xwork2.conversion.impl.StringConverter)
四月 26, 2016 5:11:36 下午 com.opensymphony.xwork2.util.logging.jdk.JdkLogger info
信息: Choosing bean (struts) for (com.opensymphony.xwork2.conversion.ConversionPropertiesProcessor)
四月 26, 2016 5:11:36 下午 com.opensymphony.xwork2.util.logging.jdk.JdkLogger info
信息: Choosing bean (struts) for (com.opensymphony.xwork2.conversion.ConversionFileProcessor)
四月 26, 2016 5:11:36 下午 com.opensymphony.xwork2.util.logging.jdk.JdkLogger info
信息: Choosing bean (struts) for (com.opensymphony.xwork2.conversion.ConversionAnnotationProcessor)
四月 26, 2016 5:11:36 下午 com.opensymphony.xwork2.util.logging.jdk.JdkLogger info
信息: Choosing bean (struts) for (com.opensymphony.xwork2.conversion.TypeConverterCreator)
四月 26, 2016 5:11:36 下午 com.opensymphony.xwork2.util.logging.jdk.JdkLogger info
信息: Choosing bean (struts) for (com.opensymphony.xwork2.conversion.TypeConverterHolder)
四月 26, 2016 5:11:36 下午 com.opensymphony.xwork2.util.logging.jdk.JdkLogger info
信息: Choosing bean (struts) for (com.opensymphony.xwork2.TextProvider)
四月 26, 2016 5:11:36 下午 com.opensymphony.xwork2.util.logging.jdk.JdkLogger info
信息: Choosing bean (struts) for (com.opensymphony.xwork2.LocaleProvider)
四月 26, 2016 5:11:36 下午 com.opensymphony.xwork2.util.logging.jdk.JdkLogger info
信息: Choosing bean (struts) for (com.opensymphony.xwork2.ActionProxyFactory)
四月 26, 2016 5:11:36 下午 com.opensymphony.xwork2.util.logging.jdk.JdkLogger info
信息: Choosing bean (struts) for (com.opensymphony.xwork2.conversion.ObjectTypeDeterminer)
四月 26, 2016 5:11:36 下午 com.opensymphony.xwork2.util.logging.jdk.JdkLogger info
信息: Choosing bean (struts) for (org.apache.struts2.dispatcher.mapper.ActionMapper)
四月 26, 2016 5:11:36 下午 com.opensymphony.xwork2.util.logging.jdk.JdkLogger info
信息: Choosing bean (jakarta) for (org.apache.struts2.dispatcher.multipart.MultiPartRequest)
四月 26, 2016 5:11:36 下午 com.opensymphony.xwork2.util.logging.jdk.JdkLogger info
信息: Choosing bean (struts) for (org.apache.struts2.views.freemarker.FreemarkerManager)
四月 26, 2016 5:11:36 下午 com.opensymphony.xwork2.util.logging.jdk.JdkLogger info
信息: Choosing bean (struts) for (org.apache.struts2.components.UrlRenderer)
四月 26, 2016 5:11:36 下午 com.opensymphony.xwork2.util.logging.jdk.JdkLogger info
信息: Choosing bean (struts) for (com.opensymphony.xwork2.validator.ActionValidatorManager)
四月 26, 2016 5:11:36 下午 com.opensymphony.xwork2.util.logging.jdk.JdkLogger info
信息: Choosing bean (struts) for (com.opensymphony.xwork2.util.ValueStackFactory)
四月 26, 2016 5:11:36 下午 com.opensymphony.xwork2.util.logging.jdk.JdkLogger info
信息: Choosing bean (struts) for (com.opensymphony.xwork2.util.reflection.ReflectionProvider)
四月 26, 2016 5:11:36 下午 com.opensymphony.xwork2.util.logging.jdk.JdkLogger info
信息: Choosing bean (struts) for (com.opensymphony.xwork2.util.reflection.ReflectionContextFactory)
四月 26, 2016 5:11:36 下午 com.opensymphony.xwork2.util.logging.jdk.JdkLogger info
信息: Choosing bean (struts) for (com.opensymphony.xwork2.util.PatternMatcher)
四月 26, 2016 5:11:36 下午 com.opensymphony.xwork2.util.logging.jdk.JdkLogger info
信息: Choosing bean (struts) for (org.apache.struts2.dispatcher.StaticContentLoader)
四月 26, 2016 5:11:36 下午 com.opensymphony.xwork2.util.logging.jdk.JdkLogger info
信息: Choosing bean (struts) for (com.opensymphony.xwork2.UnknownHandlerManager)
四月 26, 2016 5:11:36 下午 com.opensymphony.xwork2.util.logging.jdk.JdkLogger info
信息: Choosing bean (struts) for (org.apache.struts2.views.util.UrlHelper)
四月 26, 2016 5:11:36 下午 com.opensymphony.xwork2.util.logging.jdk.JdkLogger info
信息: Choosing bean (struts) for (com.opensymphony.xwork2.util.TextParser)
四月 26, 2016 5:11:36 下午 com.opensymphony.xwork2.util.logging.jdk.JdkLogger info
信息: Choosing bean (struts) for (org.apache.struts2.dispatcher.DispatcherErrorHandler)
四月 26, 2016 5:11:36 下午 com.opensymphony.xwork2.util.logging.jdk.JdkLogger info
信息: Choosing bean (struts) for (com.opensymphony.xwork2.security.ExcludedPatternsChecker)
四月 26, 2016 5:11:36 下午 com.opensymphony.xwork2.util.logging.jdk.JdkLogger info
信息: Choosing bean (struts) for (com.opensymphony.xwork2.security.AcceptedPatternsChecker)
四月 26, 2016 5:11:36 下午 org.apache.catalina.core.StandardContext startInternal
严重: Error filterStart
四月 26, 2016 5:11:36 下午 org.apache.catalina.core.StandardContext startInternal
严重: Context [] startup failed due to previous errors
四月 26, 2016 5:11:36 下午 org.apache.catalina.startup.HostConfig deployDirectory
信息: Deploying web application directory C:\vote\InnovationVote\bin
四月 26, 2016 5:11:36 下午 org.apache.catalina.startup.HostConfig deployDirectory
信息: Deployment of web application directory C:\vote\InnovationVote\bin has finished in 79 ms
四月 26, 2016 5:11:36 下午 org.apache.catalina.startup.HostConfig deployDirectory
信息: Deploying web application directory C:\vote\InnovationVote\css
四月 26, 2016 5:11:36 下午 org.apache.catalina.startup.HostConfig deployDirectory
信息: Deployment of web application directory C:\vote\InnovationVote\css has finished in 31 ms
四月 26, 2016 5:11:36 下午 org.apache.catalina.startup.HostConfig deployDirectory
信息: Deploying web application directory C:\vote\InnovationVote\fonts
四月 26, 2016 5:11:36 下午 org.apache.catalina.startup.HostConfig deployDirectory
信息: Deployment of web application directory C:\vote\InnovationVote\fonts has finished in 31 ms
四月 26, 2016 5:11:36 下午 org.apache.catalina.startup.HostConfig deployDirectory
信息: Deploying web application directory C:\vote\InnovationVote\images
四月 26, 2016 5:11:36 下午 org.apache.catalina.startup.HostConfig deployDirectory
信息: Deployment of web application directory C:\vote\InnovationVote\images has finished in 31 ms
四月 26, 2016 5:11:36 下午 org.apache.catalina.startup.HostConfig deployDirectory
信息: Deploying web application directory C:\vote\InnovationVote\js
四月 26, 2016 5:11:36 下午 org.apache.catalina.startup.HostConfig deployDirectory
信息: Deployment of web application directory C:\vote\InnovationVote\js has finished in 32 ms
四月 26, 2016 5:11:36 下午 org.apache.catalina.startup.HostConfig deployDirectory
信息: Deploying web application directory C:\vote\InnovationVote\jsp
四月 26, 2016 5:11:36 下午 org.apache.catalina.startup.HostConfig deployDirectory
信息: Deployment of web application directory C:\vote\InnovationVote\jsp has finished in 31 ms
四月 26, 2016 5:11:36 下午 org.apache.catalina.startup.HostConfig deployDirectory
信息: Deploying web application directory C:\vote\InnovationVote\logs
四月 26, 2016 5:11:36 下午 org.apache.catalina.startup.HostConfig deployDirectory
信息: Deployment of web application directory C:\vote\InnovationVote\logs has finished in 15 ms
四月 26, 2016 5:11:36 下午 org.apache.catalina.startup.HostConfig deployDirectory
信息: Deploying web application directory C:\vote\InnovationVote\picture
四月 26, 2016 5:11:36 下午 org.apache.catalina.startup.HostConfig deployDirectory
信息: Deployment of web application directory C:\vote\InnovationVote\picture has finished in 63 ms
四月 26, 2016 5:11:36 下午 org.apache.coyote.AbstractProtocol start
信息: Starting ProtocolHandler ["http-bio-33333"]
四月 26, 2016 5:11:36 下午 org.apache.coyote.AbstractProtocol start
信息: Starting ProtocolHandler ["ajp-bio-8009"]
四月 26, 2016 5:11:36 下午 org.apache.catalina.startup.Catalina start
信息: Server startup in 2065 ms
四月 26, 2016 5:13:54 下午 org.apache.catalina.core.StandardServer await
信息: A valid shutdown command was received via the shutdown port. Stopping the Server instance.
四月 26, 2016 5:14:05 下午 org.apache.catalina.startup.VersionLoggerListener log
信息: Server version:        Apache Tomcat/7.0.59
四月 26, 2016 5:14:05 下午 org.apache.catalina.startup.VersionLoggerListener log
信息: Server built:          Jan 28 2015 15:51:10 UTC
四月 26, 2016 5:14:05 下午 org.apache.catalina.startup.VersionLoggerListener log
信息: Server number:         7.0.59.0
四月 26, 2016 5:14:05 下午 org.apache.catalina.startup.VersionLoggerListener log
信息: OS Name:               Windows 8.1
四月 26, 2016 5:14:05 下午 org.apache.catalina.startup.VersionLoggerListener log
信息: OS Version:            6.3
四月 26, 2016 5:14:05 下午 org.apache.catalina.startup.VersionLoggerListener log
信息: Architecture:          x86
四月 26, 2016 5:14:05 下午 org.apache.catalina.startup.VersionLoggerListener log
信息: Java Home:             C:\vote\jdk1.8\jre
四月 26, 2016 5:14:05 下午 org.apache.catalina.startup.VersionLoggerListener log
信息: JVM Version:           1.8.0_40-b25
四月 26, 2016 5:14:05 下午 org.apache.catalina.startup.VersionLoggerListener log
信息: JVM Vendor:            Oracle Corporation
四月 26, 2016 5:14:05 下午 org.apache.catalina.startup.VersionLoggerListener log
信息: CATALINA_BASE:         C:\vote\Tomcat
四月 26, 2016 5:14:05 下午 org.apache.catalina.startup.VersionLoggerListener log
信息: CATALINA_HOME:         C:\vote\Tomcat
四月 26, 2016 5:14:05 下午 org.apache.catalina.startup.VersionLoggerListener log
信息: Command line argument: -Djava.util.logging.config.file=C:\vote\Tomcat\conf\logging.properties
四月 26, 2016 5:14:05 下午 org.apache.catalina.startup.VersionLoggerListener log
信息: Command line argument: -Djava.util.logging.manager=org.apache.juli.ClassLoaderLogManager
四月 26, 2016 5:14:05 下午 org.apache.catalina.startup.VersionLoggerListener log
信息: Command line argument: -Djava.endorsed.dirs=C:\vote\Tomcat\endorsed
四月 26, 2016 5:14:05 下午 org.apache.catalina.startup.VersionLoggerListener log
信息: Command line argument: -Dcatalina.base=C:\vote\Tomcat
四月 26, 2016 5:14:05 下午 org.apache.catalina.startup.VersionLoggerListener log
信息: Command line argument: -Dcatalina.home=C:\vote\Tomcat
四月 26, 2016 5:14:05 下午 org.apache.catalina.startup.VersionLoggerListener log
信息: Command line argument: -Djava.io.tmpdir=C:\vote\Tomcat\temp
四月 26, 2016 5:14:05 下午 org.apache.catalina.core.AprLifecycleListener lifecycleEvent
信息: The APR based Apache Tomcat Native library which allows optimal performance in production environments was not found on the java.library.path: C:\vote\jdk1.8\bin;C:\WINDOWS\Sun\Java\bin;C:\WINDOWS\system32;C:\WINDOWS;C:\vote\jdk1.8\bin;C:\vote\InnovationVote\WEB-INF\bin;C:\vote\jdk1.8\bin;C:\vote\InnovationVote\WEB-INF\bin;C:\vote\jdk1.8\bin;C:\vote\InnovationVote\WEB-INF\bin;C:\ProgramData\Oracle\Java\javapath;C:\WINDOWS\system32;C:\WINDOWS;C:\WINDOWS\System32\Wbem;C:\WINDOWS\System32\WindowsPowerShell\v1.0\;C:\Program Files\MATLAB\R2015b\runtime\win64;C:\Program Files\MATLAB\R2015b\bin;C:\Program Files\MATLAB\R2015b\polyspace\bin;C:\Program Files (x86)\Windows Kits\8.1\Windows Performance Toolkit\;C:\Program Files\Microsoft SQL Server\110\Tools\Binn\;C:\Program Files (x86)\Microsoft SDKs\TypeScript\1.0\;C:\Program Files\Microsoft SQL Server\120\Tools\Binn\;e:\quarterusll\quartus\bin;C:\Program Files\Microsoft SQL Server\110\DTS\Binn\;C:\Program Files (x86)\Microsoft SQL Server\110\Tools\Binn\;C:\Program Files (x86)\Microsoft SQL Server\110\Tools\Binn\ManagementStudio\;C:\Program Files (x86)\Microsoft Visual Studio 10.0\Common7\IDE\PrivateAssemblies\;C:\Program Files (x86)\Microsoft SQL Server\110\DTS\Binn\;.
四月 26, 2016 5:14:05 下午 org.apache.coyote.AbstractProtocol init
信息: Initializing ProtocolHandler ["http-bio-33333"]
四月 26, 2016 5:14:05 下午 org.apache.coyote.AbstractProtocol init
信息: Initializing ProtocolHandler ["ajp-bio-8009"]
四月 26, 2016 5:14:05 下午 org.apache.catalina.startup.Catalina load
信息: Initialization processed in 352 ms
四月 26, 2016 5:14:05 下午 org.apache.catalina.core.StandardService startInternal
信息: Starting service Catalina
四月 26, 2016 5:14:05 下午 org.apache.catalina.core.StandardEngine startInternal
信息: Starting Servlet Engine: Apache Tomcat/7.0.59
四月 26, 2016 5:14:06 下午 com.opensymphony.xwork2.util.logging.jdk.JdkLogger info
信息: Parsing configuration file [struts-default.xml]
四月 26, 2016 5:14:06 下午 com.opensymphony.xwork2.util.logging.jdk.JdkLogger info
信息: Parsing configuration file [struts-plugin.xml]
四月 26, 2016 5:14:06 下午 com.opensymphony.xwork2.util.logging.jdk.JdkLogger info
信息: Parsing configuration file [../struts.xml]
四月 26, 2016 5:14:06 下午 com.opensymphony.xwork2.util.logging.jdk.JdkLogger info
信息: Choosing bean (struts) for (com.opensymphony.xwork2.ObjectFactory)
四月 26, 2016 5:14:06 下午 com.opensymphony.xwork2.util.logging.jdk.JdkLogger info
信息: Choosing bean (struts) for (com.opensymphony.xwork2.factory.ActionFactory)
四月 26, 2016 5:14:06 下午 com.opensymphony.xwork2.util.logging.jdk.JdkLogger info
信息: Choosing bean (struts) for (com.opensymphony.xwork2.factory.ResultFactory)
四月 26, 2016 5:14:06 下午 com.opensymphony.xwork2.util.logging.jdk.JdkLogger info
信息: Choosing bean (struts) for (com.opensymphony.xwork2.factory.ConverterFactory)
四月 26, 2016 5:14:06 下午 com.opensymphony.xwork2.util.logging.jdk.JdkLogger info
信息: Choosing bean (struts) for (com.opensymphony.xwork2.factory.InterceptorFactory)
四月 26, 2016 5:14:06 下午 com.opensymphony.xwork2.util.logging.jdk.JdkLogger info
信息: Choosing bean (struts) for (com.opensymphony.xwork2.factory.ValidatorFactory)
四月 26, 2016 5:14:06 下午 com.opensymphony.xwork2.util.logging.jdk.JdkLogger info
信息: Choosing bean (struts) for (com.opensymphony.xwork2.factory.UnknownHandlerFactory)
四月 26, 2016 5:14:06 下午 com.opensymphony.xwork2.util.logging.jdk.JdkLogger info
信息: Choosing bean (struts) for (com.opensymphony.xwork2.FileManagerFactory)
四月 26, 2016 5:14:06 下午 com.opensymphony.xwork2.util.logging.jdk.JdkLogger info
信息: Choosing bean (struts) for (com.opensymphony.xwork2.conversion.impl.XWorkConverter)
四月 26, 2016 5:14:06 下午 com.opensymphony.xwork2.util.logging.jdk.JdkLogger info
信息: Choosing bean (struts) for (com.opensymphony.xwork2.conversion.impl.CollectionConverter)
四月 26, 2016 5:14:06 下午 com.opensymphony.xwork2.util.logging.jdk.JdkLogger info
信息: Choosing bean (struts) for (com.opensymphony.xwork2.conversion.impl.ArrayConverter)
四月 26, 2016 5:14:06 下午 com.opensymphony.xwork2.util.logging.jdk.JdkLogger info
信息: Choosing bean (struts) for (com.opensymphony.xwork2.conversion.impl.DateConverter)
四月 26, 2016 5:14:06 下午 com.opensymphony.xwork2.util.logging.jdk.JdkLogger info
信息: Choosing bean (struts) for (com.opensymphony.xwork2.conversion.impl.NumberConverter)
四月 26, 2016 5:14:06 下午 com.opensymphony.xwork2.util.logging.jdk.JdkLogger info
信息: Choosing bean (struts) for (com.opensymphony.xwork2.conversion.impl.StringConverter)
四月 26, 2016 5:14:06 下午 com.opensymphony.xwork2.util.logging.jdk.JdkLogger info
信息: Choosing bean (struts) for (com.opensymphony.xwork2.conversion.ConversionPropertiesProcessor)
四月 26, 2016 5:14:06 下午 com.opensymphony.xwork2.util.logging.jdk.JdkLogger info
信息: Choosing bean (struts) for (com.opensymphony.xwork2.conversion.ConversionFileProcessor)
四月 26, 2016 5:14:06 下午 com.opensymphony.xwork2.util.logging.jdk.JdkLogger info
信息: Choosing bean (struts) for (com.opensymphony.xwork2.conversion.ConversionAnnotationProcessor)
四月 26, 2016 5:14:06 下午 com.opensymphony.xwork2.util.logging.jdk.JdkLogger info
信息: Choosing bean (struts) for (com.opensymphony.xwork2.conversion.TypeConverterCreator)
四月 26, 2016 5:14:06 下午 com.opensymphony.xwork2.util.logging.jdk.JdkLogger info
信息: Choosing bean (struts) for (com.opensymphony.xwork2.conversion.TypeConverterHolder)
四月 26, 2016 5:14:06 下午 com.opensymphony.xwork2.util.logging.jdk.JdkLogger info
信息: Choosing bean (struts) for (com.opensymphony.xwork2.TextProvider)
四月 26, 2016 5:14:06 下午 com.opensymphony.xwork2.util.logging.jdk.JdkLogger info
信息: Choosing bean (struts) for (com.opensymphony.xwork2.LocaleProvider)
四月 26, 2016 5:14:06 下午 com.opensymphony.xwork2.util.logging.jdk.JdkLogger info
信息: Choosing bean (struts) for (com.opensymphony.xwork2.ActionProxyFactory)
四月 26, 2016 5:14:06 下午 com.opensymphony.xwork2.util.logging.jdk.JdkLogger info
信息: Choosing bean (struts) for (com.opensymphony.xwork2.conversion.ObjectTypeDeterminer)
四月 26, 2016 5:14:06 下午 com.opensymphony.xwork2.util.logging.jdk.JdkLogger info
信息: Choosing bean (struts) for (org.apache.struts2.dispatcher.mapper.ActionMapper)
四月 26, 2016 5:14:06 下午 com.opensymphony.xwork2.util.logging.jdk.JdkLogger info
信息: Choosing bean (jakarta) for (org.apache.struts2.dispatcher.multipart.MultiPartRequest)
四月 26, 2016 5:14:06 下午 com.opensymphony.xwork2.util.logging.jdk.JdkLogger info
信息: Choosing bean (struts) for (org.apache.struts2.views.freemarker.FreemarkerManager)
四月 26, 2016 5:14:06 下午 com.opensymphony.xwork2.util.logging.jdk.JdkLogger info
信息: Choosing bean (struts) for (org.apache.struts2.components.UrlRenderer)
四月 26, 2016 5:14:06 下午 com.opensymphony.xwork2.util.logging.jdk.JdkLogger info
信息: Choosing bean (struts) for (com.opensymphony.xwork2.validator.ActionValidatorManager)
四月 26, 2016 5:14:06 下午 com.opensymphony.xwork2.util.logging.jdk.JdkLogger info
信息: Choosing bean (struts) for (com.opensymphony.xwork2.util.ValueStackFactory)
四月 26, 2016 5:14:06 下午 com.opensymphony.xwork2.util.logging.jdk.JdkLogger info
信息: Choosing bean (struts) for (com.opensymphony.xwork2.util.reflection.ReflectionProvider)
四月 26, 2016 5:14:06 下午 com.opensymphony.xwork2.util.logging.jdk.JdkLogger info
信息: Choosing bean (struts) for (com.opensymphony.xwork2.util.reflection.ReflectionContextFactory)
四月 26, 2016 5:14:06 下午 com.opensymphony.xwork2.util.logging.jdk.JdkLogger info
信息: Choosing bean (struts) for (com.opensymphony.xwork2.util.PatternMatcher)
四月 26, 2016 5:14:06 下午 com.opensymphony.xwork2.util.logging.jdk.JdkLogger info
信息: Choosing bean (struts) for (org.apache.struts2.dispatcher.StaticContentLoader)
四月 26, 2016 5:14:06 下午 com.opensymphony.xwork2.util.logging.jdk.JdkLogger info
信息: Choosing bean (struts) for (com.opensymphony.xwork2.UnknownHandlerManager)
四月 26, 2016 5:14:06 下午 com.opensymphony.xwork2.util.logging.jdk.JdkLogger info
信息: Choosing bean (struts) for (org.apache.struts2.views.util.UrlHelper)
四月 26, 2016 5:14:06 下午 com.opensymphony.xwork2.util.logging.jdk.JdkLogger info
信息: Choosing bean (struts) for (com.opensymphony.xwork2.util.TextParser)
四月 26, 2016 5:14:06 下午 com.opensymphony.xwork2.util.logging.jdk.JdkLogger info
信息: Choosing bean (struts) for (org.apache.struts2.dispatcher.DispatcherErrorHandler)
四月 26, 2016 5:14:06 下午 com.opensymphony.xwork2.util.logging.jdk.JdkLogger info
信息: Choosing bean (struts) for (com.opensymphony.xwork2.security.ExcludedPatternsChecker)
四月 26, 2016 5:14:06 下午 com.opensymphony.xwork2.util.logging.jdk.JdkLogger info
信息: Choosing bean (struts) for (com.opensymphony.xwork2.security.AcceptedPatternsChecker)
四月 26, 2016 5:14:07 下午 org.apache.catalina.core.StandardContext startInternal
严重: Error filterStart
四月 26, 2016 5:14:07 下午 org.apache.catalina.core.StandardContext startInternal
严重: Context [] startup failed due to previous errors
四月 26, 2016 5:14:07 下午 org.apache.catalina.startup.HostConfig deployDirectory
信息: Deploying web application directory C:\vote\InnovationVote\bin
四月 26, 2016 5:14:07 下午 org.apache.catalina.startup.HostConfig deployDirectory
信息: Deployment of web application directory C:\vote\InnovationVote\bin has finished in 47 ms
四月 26, 2016 5:14:07 下午 org.apache.catalina.startup.HostConfig deployDirectory
信息: Deploying web application directory C:\vote\InnovationVote\css
四月 26, 2016 5:14:07 下午 org.apache.catalina.startup.HostConfig deployDirectory
信息: Deployment of web application directory C:\vote\InnovationVote\css has finished in 31 ms
四月 26, 2016 5:14:07 下午 org.apache.catalina.startup.HostConfig deployDirectory
信息: Deploying web application directory C:\vote\InnovationVote\fonts
四月 26, 2016 5:14:07 下午 org.apache.catalina.startup.HostConfig deployDirectory
信息: Deployment of web application directory C:\vote\InnovationVote\fonts has finished in 31 ms
四月 26, 2016 5:14:07 下午 org.apache.catalina.startup.HostConfig deployDirectory
信息: Deploying web application directory C:\vote\InnovationVote\images
四月 26, 2016 5:14:07 下午 org.apache.catalina.startup.HostConfig deployDirectory
信息: Deployment of web application directory C:\vote\InnovationVote\images has finished in 31 ms
四月 26, 2016 5:14:07 下午 org.apache.catalina.startup.HostConfig deployDirectory
信息: Deploying web application directory C:\vote\InnovationVote\js
四月 26, 2016 5:14:07 下午 org.apache.catalina.startup.HostConfig deployDirectory
信息: Deployment of web application directory C:\vote\InnovationVote\js has finished in 32 ms
四月 26, 2016 5:14:07 下午 org.apache.catalina.startup.HostConfig deployDirectory
信息: Deploying web application directory C:\vote\InnovationVote\jsp
四月 26, 2016 5:14:07 下午 org.apache.catalina.startup.HostConfig deployDirectory
信息: Deployment of web application directory C:\vote\InnovationVote\jsp has finished in 39 ms
四月 26, 2016 5:14:07 下午 org.apache.catalina.startup.HostConfig deployDirectory
信息: Deploying web application directory C:\vote\InnovationVote\logs
四月 26, 2016 5:14:07 下午 org.apache.catalina.startup.HostConfig deployDirectory
信息: Deployment of web application directory C:\vote\InnovationVote\logs has finished in 47 ms
四月 26, 2016 5:14:07 下午 org.apache.catalina.startup.HostConfig deployDirectory
信息: Deploying web application directory C:\vote\InnovationVote\picture
四月 26, 2016 5:14:07 下午 org.apache.catalina.startup.HostConfig deployDirectory
信息: Deployment of web application directory C:\vote\InnovationVote\picture has finished in 31 ms
四月 26, 2016 5:14:07 下午 org.apache.coyote.AbstractProtocol start
信息: Starting ProtocolHandler ["http-bio-33333"]
四月 26, 2016 5:14:07 下午 org.apache.coyote.AbstractProtocol start
信息: Starting ProtocolHandler ["ajp-bio-8009"]
四月 26, 2016 5:14:07 下午 org.apache.catalina.startup.Catalina start
信息: Server startup in 1397 ms
四月 26, 2016 5:16:29 下午 org.apache.catalina.startup.Catalina stopServer
严重: Could not contact localhost:8005. Tomcat may not be running.
四月 26, 2016 5:16:29 下午 org.apache.catalina.startup.Catalina stopServer
严重: Catalina.stop: 
java.net.ConnectException: Connection refused: connect
	at java.net.DualStackPlainSocketImpl.connect0(Native Method)
	at java.net.DualStackPlainSocketImpl.socketConnect(DualStackPlainSocketImpl.java:79)
	at java.net.AbstractPlainSocketImpl.doConnect(AbstractPlainSocketImpl.java:345)
	at java.net.AbstractPlainSocketImpl.connectToAddress(AbstractPlainSocketImpl.java:206)
	at java.net.AbstractPlainSocketImpl.connect(AbstractPlainSocketImpl.java:188)
	at java.net.PlainSocketImpl.connect(PlainSocketImpl.java:172)
	at java.net.SocksSocketImpl.connect(SocksSocketImpl.java:392)
	at java.net.Socket.connect(Socket.java:589)
	at java.net.Socket.connect(Socket.java:538)
	at java.net.Socket.<init>(Socket.java:434)
	at java.net.Socket.<init>(Socket.java:211)
	at org.apache.catalina.startup.Catalina.stopServer(Catalina.java:498)
	at sun.reflect.NativeMethodAccessorImpl.invoke0(Native Method)
	at sun.reflect.NativeMethodAccessorImpl.invoke(NativeMethodAccessorImpl.java:62)
	at sun.reflect.DelegatingMethodAccessorImpl.invoke(DelegatingMethodAccessorImpl.java:43)
	at java.lang.reflect.Method.invoke(Method.java:497)
	at org.apache.catalina.startup.Bootstrap.stopServer(Bootstrap.java:370)
	at org.apache.catalina.startup.Bootstrap.main(Bootstrap.java:457)

四月 26, 2016 5:16:36 下午 org.apache.catalina.startup.VersionLoggerListener log
信息: Server version:        Apache Tomcat/7.0.59
四月 26, 2016 5:16:36 下午 org.apache.catalina.startup.VersionLoggerListener log
信息: Server built:          Jan 28 2015 15:51:10 UTC
四月 26, 2016 5:16:36 下午 org.apache.catalina.startup.VersionLoggerListener log
信息: Server number:         7.0.59.0
四月 26, 2016 5:16:36 下午 org.apache.catalina.startup.VersionLoggerListener log
信息: OS Name:               Windows 8.1
四月 26, 2016 5:16:36 下午 org.apache.catalina.startup.VersionLoggerListener log
信息: OS Version:            6.3
四月 26, 2016 5:16:36 下午 org.apache.catalina.startup.VersionLoggerListener log
信息: Architecture:          x86
四月 26, 2016 5:16:36 下午 org.apache.catalina.startup.VersionLoggerListener log
信息: Java Home:             C:\vote\jdk1.8\jre
四月 26, 2016 5:16:36 下午 org.apache.catalina.startup.VersionLoggerListener log
信息: JVM Version:           1.8.0_40-b25
四月 26, 2016 5:16:36 下午 org.apache.catalina.startup.VersionLoggerListener log
信息: JVM Vendor:            Oracle Corporation
四月 26, 2016 5:16:36 下午 org.apache.catalina.startup.VersionLoggerListener log
信息: CATALINA_BASE:         C:\vote\Tomcat
四月 26, 2016 5:16:36 下午 org.apache.catalina.startup.VersionLoggerListener log
信息: CATALINA_HOME:         C:\vote\Tomcat
四月 26, 2016 5:16:36 下午 org.apache.catalina.startup.VersionLoggerListener log
信息: Command line argument: -Djava.util.logging.config.file=C:\vote\Tomcat\conf\logging.properties
四月 26, 2016 5:16:36 下午 org.apache.catalina.startup.VersionLoggerListener log
信息: Command line argument: -Djava.util.logging.manager=org.apache.juli.ClassLoaderLogManager
四月 26, 2016 5:16:36 下午 org.apache.catalina.startup.VersionLoggerListener log
信息: Command line argument: -Djava.endorsed.dirs=C:\vote\Tomcat\endorsed
四月 26, 2016 5:16:36 下午 org.apache.catalina.startup.VersionLoggerListener log
信息: Command line argument: -Dcatalina.base=C:\vote\Tomcat
四月 26, 2016 5:16:36 下午 org.apache.catalina.startup.VersionLoggerListener log
信息: Command line argument: -Dcatalina.home=C:\vote\Tomcat
四月 26, 2016 5:16:36 下午 org.apache.catalina.startup.VersionLoggerListener log
信息: Command line argument: -Djava.io.tmpdir=C:\vote\Tomcat\temp
四月 26, 2016 5:16:36 下午 org.apache.catalina.core.AprLifecycleListener lifecycleEvent
信息: The APR based Apache Tomcat Native library which allows optimal performance in production environments was not found on the java.library.path: C:\vote\jdk1.8\bin;C:\WINDOWS\Sun\Java\bin;C:\WINDOWS\system32;C:\WINDOWS;C:\vote\jdk1.8\bin;C:\vote\InnovationVote\WEB-INF\bin;C:\vote\jdk1.8\bin;C:\vote\InnovationVote\WEB-INF\bin;C:\vote\jdk1.8\bin;C:\vote\InnovationVote\WEB-INF\bin;C:\vote\jdk1.8\bin;C:\vote\InnovationVote\WEB-INF\bin;C:\ProgramData\Oracle\Java\javapath;C:\WINDOWS\system32;C:\WINDOWS;C:\WINDOWS\System32\Wbem;C:\WINDOWS\System32\WindowsPowerShell\v1.0\;C:\Program Files\MATLAB\R2015b\runtime\win64;C:\Program Files\MATLAB\R2015b\bin;C:\Program Files\MATLAB\R2015b\polyspace\bin;C:\Program Files (x86)\Windows Kits\8.1\Windows Performance Toolkit\;C:\Program Files\Microsoft SQL Server\110\Tools\Binn\;C:\Program Files (x86)\Microsoft SDKs\TypeScript\1.0\;C:\Program Files\Microsoft SQL Server\120\Tools\Binn\;e:\quarterusll\quartus\bin;C:\Program Files\Microsoft SQL Server\110\DTS\Binn\;C:\Program Files (x86)\Microsoft SQL Server\110\Tools\Binn\;C:\Program Files (x86)\Microsoft SQL Server\110\Tools\Binn\ManagementStudio\;C:\Program Files (x86)\Microsoft Visual Studio 10.0\Common7\IDE\PrivateAssemblies\;C:\Program Files (x86)\Microsoft SQL Server\110\DTS\Binn\;.
四月 26, 2016 5:16:36 下午 org.apache.coyote.AbstractProtocol init
信息: Initializing ProtocolHandler ["http-bio-33333"]
四月 26, 2016 5:16:36 下午 org.apache.coyote.AbstractProtocol init
信息: Initializing ProtocolHandler ["ajp-bio-8009"]
四月 26, 2016 5:16:36 下午 org.apache.catalina.startup.Catalina load
信息: Initialization processed in 350 ms
四月 26, 2016 5:16:37 下午 org.apache.catalina.core.StandardService startInternal
信息: Starting service Catalina
四月 26, 2016 5:16:37 下午 org.apache.catalina.core.StandardEngine startInternal
信息: Starting Servlet Engine: Apache Tomcat/7.0.59
四月 26, 2016 5:16:37 下午 com.opensymphony.xwork2.util.logging.jdk.JdkLogger info
信息: Parsing configuration file [struts-default.xml]
四月 26, 2016 5:16:37 下午 com.opensymphony.xwork2.util.logging.jdk.JdkLogger info
信息: Parsing configuration file [struts-plugin.xml]
四月 26, 2016 5:16:37 下午 com.opensymphony.xwork2.util.logging.jdk.JdkLogger info
信息: Parsing configuration file [../struts.xml]
四月 26, 2016 5:16:37 下午 com.opensymphony.xwork2.util.logging.jdk.JdkLogger info
信息: Choosing bean (struts) for (com.opensymphony.xwork2.ObjectFactory)
四月 26, 2016 5:16:37 下午 com.opensymphony.xwork2.util.logging.jdk.JdkLogger info
信息: Choosing bean (struts) for (com.opensymphony.xwork2.factory.ActionFactory)
四月 26, 2016 5:16:37 下午 com.opensymphony.xwork2.util.logging.jdk.JdkLogger info
信息: Choosing bean (struts) for (com.opensymphony.xwork2.factory.ResultFactory)
四月 26, 2016 5:16:37 下午 com.opensymphony.xwork2.util.logging.jdk.JdkLogger info
信息: Choosing bean (struts) for (com.opensymphony.xwork2.factory.ConverterFactory)
四月 26, 2016 5:16:37 下午 com.opensymphony.xwork2.util.logging.jdk.JdkLogger info
信息: Choosing bean (struts) for (com.opensymphony.xwork2.factory.InterceptorFactory)
四月 26, 2016 5:16:37 下午 com.opensymphony.xwork2.util.logging.jdk.JdkLogger info
信息: Choosing bean (struts) for (com.opensymphony.xwork2.factory.ValidatorFactory)
四月 26, 2016 5:16:37 下午 com.opensymphony.xwork2.util.logging.jdk.JdkLogger info
信息: Choosing bean (struts) for (com.opensymphony.xwork2.factory.UnknownHandlerFactory)
四月 26, 2016 5:16:37 下午 com.opensymphony.xwork2.util.logging.jdk.JdkLogger info
信息: Choosing bean (struts) for (com.opensymphony.xwork2.FileManagerFactory)
四月 26, 2016 5:16:37 下午 com.opensymphony.xwork2.util.logging.jdk.JdkLogger info
信息: Choosing bean (struts) for (com.opensymphony.xwork2.conversion.impl.XWorkConverter)
四月 26, 2016 5:16:37 下午 com.opensymphony.xwork2.util.logging.jdk.JdkLogger info
信息: Choosing bean (struts) for (com.opensymphony.xwork2.conversion.impl.CollectionConverter)
四月 26, 2016 5:16:37 下午 com.opensymphony.xwork2.util.logging.jdk.JdkLogger info
信息: Choosing bean (struts) for (com.opensymphony.xwork2.conversion.impl.ArrayConverter)
四月 26, 2016 5:16:37 下午 com.opensymphony.xwork2.util.logging.jdk.JdkLogger info
信息: Choosing bean (struts) for (com.opensymphony.xwork2.conversion.impl.DateConverter)
四月 26, 2016 5:16:37 下午 com.opensymphony.xwork2.util.logging.jdk.JdkLogger info
信息: Choosing bean (struts) for (com.opensymphony.xwork2.conversion.impl.NumberConverter)
四月 26, 2016 5:16:37 下午 com.opensymphony.xwork2.util.logging.jdk.JdkLogger info
信息: Choosing bean (struts) for (com.opensymphony.xwork2.conversion.impl.StringConverter)
四月 26, 2016 5:16:37 下午 com.opensymphony.xwork2.util.logging.jdk.JdkLogger info
信息: Choosing bean (struts) for (com.opensymphony.xwork2.conversion.ConversionPropertiesProcessor)
四月 26, 2016 5:16:37 下午 com.opensymphony.xwork2.util.logging.jdk.JdkLogger info
信息: Choosing bean (struts) for (com.opensymphony.xwork2.conversion.ConversionFileProcessor)
四月 26, 2016 5:16:37 下午 com.opensymphony.xwork2.util.logging.jdk.JdkLogger info
信息: Choosing bean (struts) for (com.opensymphony.xwork2.conversion.ConversionAnnotationProcessor)
四月 26, 2016 5:16:37 下午 com.opensymphony.xwork2.util.logging.jdk.JdkLogger info
信息: Choosing bean (struts) for (com.opensymphony.xwork2.conversion.TypeConverterCreator)
四月 26, 2016 5:16:37 下午 com.opensymphony.xwork2.util.logging.jdk.JdkLogger info
信息: Choosing bean (struts) for (com.opensymphony.xwork2.conversion.TypeConverterHolder)
四月 26, 2016 5:16:37 下午 com.opensymphony.xwork2.util.logging.jdk.JdkLogger info
信息: Choosing bean (struts) for (com.opensymphony.xwork2.TextProvider)
四月 26, 2016 5:16:37 下午 com.opensymphony.xwork2.util.logging.jdk.JdkLogger info
信息: Choosing bean (struts) for (com.opensymphony.xwork2.LocaleProvider)
四月 26, 2016 5:16:37 下午 com.opensymphony.xwork2.util.logging.jdk.JdkLogger info
信息: Choosing bean (struts) for (com.opensymphony.xwork2.ActionProxyFactory)
四月 26, 2016 5:16:37 下午 com.opensymphony.xwork2.util.logging.jdk.JdkLogger info
信息: Choosing bean (struts) for (com.opensymphony.xwork2.conversion.ObjectTypeDeterminer)
四月 26, 2016 5:16:37 下午 com.opensymphony.xwork2.util.logging.jdk.JdkLogger info
信息: Choosing bean (struts) for (org.apache.struts2.dispatcher.mapper.ActionMapper)
四月 26, 2016 5:16:37 下午 com.opensymphony.xwork2.util.logging.jdk.JdkLogger info
信息: Choosing bean (jakarta) for (org.apache.struts2.dispatcher.multipart.MultiPartRequest)
四月 26, 2016 5:16:37 下午 com.opensymphony.xwork2.util.logging.jdk.JdkLogger info
信息: Choosing bean (struts) for (org.apache.struts2.views.freemarker.FreemarkerManager)
四月 26, 2016 5:16:37 下午 com.opensymphony.xwork2.util.logging.jdk.JdkLogger info
信息: Choosing bean (struts) for (org.apache.struts2.components.UrlRenderer)
四月 26, 2016 5:16:37 下午 com.opensymphony.xwork2.util.logging.jdk.JdkLogger info
信息: Choosing bean (struts) for (com.opensymphony.xwork2.validator.ActionValidatorManager)
四月 26, 2016 5:16:37 下午 com.opensymphony.xwork2.util.logging.jdk.JdkLogger info
信息: Choosing bean (struts) for (com.opensymphony.xwork2.util.ValueStackFactory)
四月 26, 2016 5:16:37 下午 com.opensymphony.xwork2.util.logging.jdk.JdkLogger info
信息: Choosing bean (struts) for (com.opensymphony.xwork2.util.reflection.ReflectionProvider)
四月 26, 2016 5:16:37 下午 com.opensymphony.xwork2.util.logging.jdk.JdkLogger info
信息: Choosing bean (struts) for (com.opensymphony.xwork2.util.reflection.ReflectionContextFactory)
四月 26, 2016 5:16:37 下午 com.opensymphony.xwork2.util.logging.jdk.JdkLogger info
信息: Choosing bean (struts) for (com.opensymphony.xwork2.util.PatternMatcher)
四月 26, 2016 5:16:37 下午 com.opensymphony.xwork2.util.logging.jdk.JdkLogger info
信息: Choosing bean (struts) for (org.apache.struts2.dispatcher.StaticContentLoader)
四月 26, 2016 5:16:37 下午 com.opensymphony.xwork2.util.logging.jdk.JdkLogger info
信息: Choosing bean (struts) for (com.opensymphony.xwork2.UnknownHandlerManager)
四月 26, 2016 5:16:37 下午 com.opensymphony.xwork2.util.logging.jdk.JdkLogger info
信息: Choosing bean (struts) for (org.apache.struts2.views.util.UrlHelper)
四月 26, 2016 5:16:37 下午 com.opensymphony.xwork2.util.logging.jdk.JdkLogger info
信息: Choosing bean (struts) for (com.opensymphony.xwork2.util.TextParser)
四月 26, 2016 5:16:37 下午 com.opensymphony.xwork2.util.logging.jdk.JdkLogger info
信息: Choosing bean (struts) for (org.apache.struts2.dispatcher.DispatcherErrorHandler)
四月 26, 2016 5:16:37 下午 com.opensymphony.xwork2.util.logging.jdk.JdkLogger info
信息: Choosing bean (struts) for (com.opensymphony.xwork2.security.ExcludedPatternsChecker)
四月 26, 2016 5:16:37 下午 com.opensymphony.xwork2.util.logging.jdk.JdkLogger info
信息: Choosing bean (struts) for (com.opensymphony.xwork2.security.AcceptedPatternsChecker)
四月 26, 2016 5:16:38 下午 org.apache.catalina.startup.HostConfig deployDirectory
信息: Deploying web application directory C:\vote\InnovationVote\bin
四月 26, 2016 5:16:38 下午 org.apache.catalina.startup.HostConfig deployDirectory
信息: Deployment of web application directory C:\vote\InnovationVote\bin has finished in 31 ms
四月 26, 2016 5:16:38 下午 org.apache.catalina.startup.HostConfig deployDirectory
信息: Deploying web application directory C:\vote\InnovationVote\css
四月 26, 2016 5:16:38 下午 org.apache.catalina.startup.HostConfig deployDirectory
信息: Deployment of web application directory C:\vote\InnovationVote\css has finished in 31 ms
四月 26, 2016 5:16:38 下午 org.apache.catalina.startup.HostConfig deployDirectory
信息: Deploying web application directory C:\vote\InnovationVote\fonts
四月 26, 2016 5:16:38 下午 org.apache.catalina.startup.HostConfig deployDirectory
信息: Deployment of web application directory C:\vote\InnovationVote\fonts has finished in 32 ms
四月 26, 2016 5:16:38 下午 org.apache.catalina.startup.HostConfig deployDirectory
信息: Deploying web application directory C:\vote\InnovationVote\images
四月 26, 2016 5:16:38 下午 org.apache.catalina.startup.HostConfig deployDirectory
信息: Deployment of web application directory C:\vote\InnovationVote\images has finished in 31 ms
四月 26, 2016 5:16:38 下午 org.apache.catalina.startup.HostConfig deployDirectory
信息: Deploying web application directory C:\vote\InnovationVote\js
四月 26, 2016 5:16:38 下午 org.apache.catalina.startup.HostConfig deployDirectory
信息: Deployment of web application directory C:\vote\InnovationVote\js has finished in 31 ms
四月 26, 2016 5:16:38 下午 org.apache.catalina.startup.HostConfig deployDirectory
信息: Deploying web application directory C:\vote\InnovationVote\jsp
四月 26, 2016 5:16:38 下午 org.apache.catalina.startup.HostConfig deployDirectory
信息: Deployment of web application directory C:\vote\InnovationVote\jsp has finished in 63 ms
四月 26, 2016 5:16:38 下午 org.apache.catalina.startup.HostConfig deployDirectory
信息: Deploying web application directory C:\vote\InnovationVote\logs
四月 26, 2016 5:16:38 下午 org.apache.catalina.startup.HostConfig deployDirectory
信息: Deployment of web application directory C:\vote\InnovationVote\logs has finished in 15 ms
四月 26, 2016 5:16:38 下午 org.apache.catalina.startup.HostConfig deployDirectory
信息: Deploying web application directory C:\vote\InnovationVote\picture
四月 26, 2016 5:16:38 下午 org.apache.catalina.startup.HostConfig deployDirectory
信息: Deployment of web application directory C:\vote\InnovationVote\picture has finished in 32 ms
四月 26, 2016 5:16:38 下午 org.apache.coyote.AbstractProtocol start
信息: Starting ProtocolHandler ["http-bio-33333"]
四月 26, 2016 5:16:38 下午 org.apache.coyote.AbstractProtocol start
信息: Starting ProtocolHandler ["ajp-bio-8009"]
四月 26, 2016 5:16:38 下午 org.apache.catalina.startup.Catalina start
信息: Server startup in 1579 ms
四月 26, 2016 5:16:57 下午 com.opensymphony.xwork2.util.logging.jdk.JdkLogger warn
警告: No configuration found for the specified action: 'Login' in namespace: ''. Form action defaulting to 'action' attribute's literal value.
四月 26, 2016 5:16:58 下午 com.opensymphony.xwork2.util.logging.jdk.JdkLogger warn
警告: No configuration found for the specified action: 'Login' in namespace: ''. Form action defaulting to 'action' attribute's literal value.
四月 26, 2016 5:17:26 下午 com.opensymphony.xwork2.util.logging.jdk.JdkLogger error
严重: Could not find action or result
/Login
There is no Action mapped for namespace [/] and action name [Login] associated with context path []. - [unknown location]
	at com.opensymphony.xwork2.DefaultActionProxy.prepare(DefaultActionProxy.java:185)
	at org.apache.struts2.impl.StrutsActionProxy.prepare(StrutsActionProxy.java:63)
	at org.apache.struts2.impl.StrutsActionProxyFactory.createActionProxy(StrutsActionProxyFactory.java:37)
	at com.opensymphony.xwork2.DefaultActionProxyFactory.createActionProxy(DefaultActionProxyFactory.java:58)
	at org.apache.struts2.dispatcher.Dispatcher.serviceAction(Dispatcher.java:554)
	at org.apache.struts2.dispatcher.ng.ExecuteOperations.executeAction(ExecuteOperations.java:81)
	at org.apache.struts2.dispatcher.ng.filter.StrutsPrepareAndExecuteFilter.doFilter(StrutsPrepareAndExecuteFilter.java:99)
	at org.apache.catalina.core.ApplicationFilterChain.internalDoFilter(ApplicationFilterChain.java:241)
	at org.apache.catalina.core.ApplicationFilterChain.doFilter(ApplicationFilterChain.java:208)
	at org.apache.catalina.core.StandardWrapperValve.invoke(StandardWrapperValve.java:220)
	at org.apache.catalina.core.StandardContextValve.invoke(StandardContextValve.java:122)
	at org.apache.catalina.authenticator.AuthenticatorBase.invoke(AuthenticatorBase.java:504)
	at org.apache.catalina.core.StandardHostValve.invoke(StandardHostValve.java:170)
	at org.apache.catalina.valves.ErrorReportValve.invoke(ErrorReportValve.java:103)
	at org.apache.catalina.valves.AccessLogValve.invoke(AccessLogValve.java:950)
	at org.apache.catalina.core.StandardEngineValve.invoke(StandardEngineValve.java:116)
	at org.apache.catalina.connector.CoyoteAdapter.service(CoyoteAdapter.java:421)
	at org.apache.coyote.http11.AbstractHttp11Processor.process(AbstractHttp11Processor.java:1074)
	at org.apache.coyote.AbstractProtocol$AbstractConnectionHandler.process(AbstractProtocol.java:611)
	at org.apache.tomcat.util.net.JIoEndpoint$SocketProcessor.run(JIoEndpoint.java:314)
	at java.util.concurrent.ThreadPoolExecutor.runWorker(ThreadPoolExecutor.java:1142)
	at java.util.concurrent.ThreadPoolExecutor$Worker.run(ThreadPoolExecutor.java:617)
	at org.apache.tomcat.util.threads.TaskThread$WrappingRunnable.run(TaskThread.java:61)
	at java.lang.Thread.run(Thread.java:745)

四月 26, 2016 5:18:06 下午 org.apache.catalina.startup.Catalina stopServer
严重: Could not contact localhost:8005. Tomcat may not be running.
四月 26, 2016 5:18:06 下午 org.apache.catalina.startup.Catalina stopServer
严重: Catalina.stop: 
java.net.ConnectException: Connection refused: connect
	at java.net.DualStackPlainSocketImpl.connect0(Native Method)
	at java.net.DualStackPlainSocketImpl.socketConnect(DualStackPlainSocketImpl.java:79)
	at java.net.AbstractPlainSocketImpl.doConnect(AbstractPlainSocketImpl.java:345)
	at java.net.AbstractPlainSocketImpl.connectToAddress(AbstractPlainSocketImpl.java:206)
	at java.net.AbstractPlainSocketImpl.connect(AbstractPlainSocketImpl.java:188)
	at java.net.PlainSocketImpl.connect(PlainSocketImpl.java:172)
	at java.net.SocksSocketImpl.connect(SocksSocketImpl.java:392)
	at java.net.Socket.connect(Socket.java:589)
	at java.net.Socket.connect(Socket.java:538)
	at java.net.Socket.<init>(Socket.java:434)
	at java.net.Socket.<init>(Socket.java:211)
	at org.apache.catalina.startup.Catalina.stopServer(Catalina.java:498)
	at sun.reflect.NativeMethodAccessorImpl.invoke0(Native Method)
	at sun.reflect.NativeMethodAccessorImpl.invoke(NativeMethodAccessorImpl.java:62)
	at sun.reflect.DelegatingMethodAccessorImpl.invoke(DelegatingMethodAccessorImpl.java:43)
	at java.lang.reflect.Method.invoke(Method.java:497)
	at org.apache.catalina.startup.Bootstrap.stopServer(Bootstrap.java:370)
	at org.apache.catalina.startup.Bootstrap.main(Bootstrap.java:457)

