四月 23, 2015 6:10:23 下午 org.apache.catalina.core.ApplicationDispatcher invoke
严重: Servlet.service() for servlet jsp threw exception
org.apache.jasper.JasperException: Unable to compile class for JSP: 

An error occurred at line: 9 in the jsp file: /vote.jsp
The method alert(String) is undefined for the type vote_jsp
6:   
7: </head>
8: <body>
9: <% alert("登陆成功")   %>
10: 登陆用户名：<s:property value="username"/>
11: </body>
12: </html>


An error occurred at line: 9 in the jsp file: /vote.jsp
Syntax error, insert ";" to complete Statement
6:   
7: </head>
8: <body>
9: <% alert("登陆成功")   %>
10: 登陆用户名：<s:property value="username"/>
11: </body>
12: </html>


Stacktrace:
	at org.apache.jasper.compiler.DefaultErrorHandler.javacError(DefaultErrorHandler.java:103)
	at org.apache.jasper.compiler.ErrorDispatcher.javacError(ErrorDispatcher.java:366)
	at org.apache.jasper.compiler.JDTCompiler.generateClass(JDTCompiler.java:485)
	at org.apache.jasper.compiler.Compiler.compile(Compiler.java:379)
	at org.apache.jasper.compiler.Compiler.compile(Compiler.java:354)
	at org.apache.jasper.compiler.Compiler.compile(Compiler.java:341)
	at org.apache.jasper.JspCompilationContext.compile(JspCompilationContext.java:657)
	at org.apache.jasper.servlet.JspServletWrapper.service(JspServletWrapper.java:357)
	at org.apache.jasper.servlet.JspServlet.serviceJspFile(JspServlet.java:395)
	at org.apache.jasper.servlet.JspServlet.service(JspServlet.java:339)
	at javax.servlet.http.HttpServlet.service(HttpServlet.java:727)
	at org.apache.catalina.core.ApplicationFilterChain.internalDoFilter(ApplicationFilterChain.java:303)
	at org.apache.catalina.core.ApplicationFilterChain.doFilter(ApplicationFilterChain.java:208)
	at org.apache.tomcat.websocket.server.WsFilter.doFilter(WsFilter.java:52)
	at org.apache.catalina.core.ApplicationFilterChain.internalDoFilter(ApplicationFilterChain.java:241)
	at org.apache.catalina.core.ApplicationFilterChain.doFilter(ApplicationFilterChain.java:208)
	at org.apache.catalina.core.ApplicationDispatcher.invoke(ApplicationDispatcher.java:748)
	at org.apache.catalina.core.ApplicationDispatcher.processRequest(ApplicationDispatcher.java:486)
	at org.apache.catalina.core.ApplicationDispatcher.doForward(ApplicationDispatcher.java:411)
	at org.apache.catalina.core.ApplicationDispatcher.forward(ApplicationDispatcher.java:338)
	at org.apache.struts2.dispatcher.ServletDispatcherResult.doExecute(ServletDispatcherResult.java:164)
	at org.apache.struts2.dispatcher.StrutsResultSupport.execute(StrutsResultSupport.java:188)
	at com.opensymphony.xwork2.DefaultActionInvocation.executeResult(DefaultActionInvocation.java:369)
	at com.opensymphony.xwork2.DefaultActionInvocation.invoke(DefaultActionInvocation.java:273)
	at org.apache.struts2.interceptor.DeprecationInterceptor.intercept(DeprecationInterceptor.java:41)
	at com.opensymphony.xwork2.DefaultActionInvocation.invoke(DefaultActionInvocation.java:244)
	at org.apache.struts2.interceptor.debugging.DebuggingInterceptor.intercept(DebuggingInterceptor.java:256)
	at com.opensymphony.xwork2.DefaultActionInvocation.invoke(DefaultActionInvocation.java:244)
	at com.opensymphony.xwork2.interceptor.DefaultWorkflowInterceptor.doIntercept(DefaultWorkflowInterceptor.java:167)
	at com.opensymphony.xwork2.interceptor.MethodFilterInterceptor.intercept(MethodFilterInterceptor.java:98)
	at com.opensymphony.xwork2.DefaultActionInvocation.invoke(DefaultActionInvocation.java:244)
	at com.opensymphony.xwork2.validator.ValidationInterceptor.doIntercept(ValidationInterceptor.java:265)
	at org.apache.struts2.interceptor.validation.AnnotationValidationInterceptor.doIntercept(AnnotationValidationInterceptor.java:76)
	at com.opensymphony.xwork2.interceptor.MethodFilterInterceptor.intercept(MethodFilterInterceptor.java:98)
	at com.opensymphony.xwork2.DefaultActionInvocation.invoke(DefaultActionInvocation.java:244)
	at com.opensymphony.xwork2.interceptor.ConversionErrorInterceptor.intercept(ConversionErrorInterceptor.java:138)
	at com.opensymphony.xwork2.DefaultActionInvocation.invoke(DefaultActionInvocation.java:244)
	at com.opensymphony.xwork2.interceptor.ParametersInterceptor.doIntercept(ParametersInterceptor.java:229)
	at com.opensymphony.xwork2.interceptor.MethodFilterInterceptor.intercept(MethodFilterInterceptor.java:98)
	at com.opensymphony.xwork2.DefaultActionInvocation.invoke(DefaultActionInvocation.java:244)
	at com.opensymphony.xwork2.interceptor.ParametersInterceptor.doIntercept(ParametersInterceptor.java:229)
	at com.opensymphony.xwork2.interceptor.MethodFilterInterceptor.intercept(MethodFilterInterceptor.java:98)
	at com.opensymphony.xwork2.DefaultActionInvocation.invoke(DefaultActionInvocation.java:244)
	at com.opensymphony.xwork2.interceptor.StaticParametersInterceptor.intercept(StaticParametersInterceptor.java:191)
	at com.opensymphony.xwork2.DefaultActionInvocation.invoke(DefaultActionInvocation.java:244)
	at org.apache.struts2.interceptor.MultiselectInterceptor.intercept(MultiselectInterceptor.java:73)
	at com.opensymphony.xwork2.DefaultActionInvocation.invoke(DefaultActionInvocation.java:244)
	at org.apache.struts2.interceptor.DateTextFieldInterceptor.intercept(DateTextFieldInterceptor.java:125)
	at com.opensymphony.xwork2.DefaultActionInvocation.invoke(DefaultActionInvocation.java:244)
	at org.apache.struts2.interceptor.CheckboxInterceptor.intercept(CheckboxInterceptor.java:91)
	at com.opensymphony.xwork2.DefaultActionInvocation.invoke(DefaultActionInvocation.java:244)
	at org.apache.struts2.interceptor.FileUploadInterceptor.intercept(FileUploadInterceptor.java:253)
	at com.opensymphony.xwork2.DefaultActionInvocation.invoke(DefaultActionInvocation.java:244)
	at com.opensymphony.xwork2.interceptor.ModelDrivenInterceptor.intercept(ModelDrivenInterceptor.java:100)
	at com.opensymphony.xwork2.DefaultActionInvocation.invoke(DefaultActionInvocation.java:244)
	at com.opensymphony.xwork2.interceptor.ScopedModelDrivenInterceptor.intercept(ScopedModelDrivenInterceptor.java:141)
	at com.opensymphony.xwork2.DefaultActionInvocation.invoke(DefaultActionInvocation.java:244)
	at com.opensymphony.xwork2.interceptor.ChainingInterceptor.intercept(ChainingInterceptor.java:145)
	at com.opensymphony.xwork2.DefaultActionInvocation.invoke(DefaultActionInvocation.java:244)
	at com.opensymphony.xwork2.interceptor.PrepareInterceptor.doIntercept(PrepareInterceptor.java:171)
	at com.opensymphony.xwork2.interceptor.MethodFilterInterceptor.intercept(MethodFilterInterceptor.java:98)
	at com.opensymphony.xwork2.DefaultActionInvocation.invoke(DefaultActionInvocation.java:244)
	at com.opensymphony.xwork2.interceptor.I18nInterceptor.intercept(I18nInterceptor.java:139)
	at com.opensymphony.xwork2.DefaultActionInvocation.invoke(DefaultActionInvocation.java:244)
	at org.apache.struts2.interceptor.ServletConfigInterceptor.intercept(ServletConfigInterceptor.java:164)
	at com.opensymphony.xwork2.DefaultActionInvocation.invoke(DefaultActionInvocation.java:244)
	at com.opensymphony.xwork2.interceptor.AliasInterceptor.intercept(AliasInterceptor.java:193)
	at com.opensymphony.xwork2.DefaultActionInvocation.invoke(DefaultActionInvocation.java:244)
	at com.opensymphony.xwork2.interceptor.ExceptionMappingInterceptor.intercept(ExceptionMappingInterceptor.java:189)
	at com.opensymphony.xwork2.DefaultActionInvocation.invoke(DefaultActionInvocation.java:244)
	at org.apache.struts2.impl.StrutsActionProxy.execute(StrutsActionProxy.java:54)
	at org.apache.struts2.dispatcher.Dispatcher.serviceAction(Dispatcher.java:564)
	at org.apache.struts2.dispatcher.ng.ExecuteOperations.executeAction(ExecuteOperations.java:81)
	at org.apache.struts2.dispatcher.ng.filter.StrutsPrepareAndExecuteFilter.doFilter(StrutsPrepareAndExecuteFilter.java:99)
	at org.apache.catalina.core.ApplicationFilterChain.internalDoFilter(ApplicationFilterChain.java:241)
	at org.apache.catalina.core.ApplicationFilterChain.doFilter(ApplicationFilterChain.java:208)
	at org.apache.catalina.core.StandardWrapperValve.invoke(StandardWrapperValve.java:220)
	at org.apache.catalina.core.StandardContextValve.invoke(StandardContextValve.java:122)
	at org.apache.catalina.authenticator.AuthenticatorBase.invoke(AuthenticatorBase.java:504)
	at org.apache.catalina.core.StandardHostValve.invoke(StandardHostValve.java:170)
	at org.apache.catalina.valves.ErrorReportValve.invoke(ErrorReportValve.java:103)
	at org.apache.catalina.valves.AccessLogValve.invoke(AccessLogValve.java:950)
	at org.apache.catalina.core.StandardEngineValve.invoke(StandardEngineValve.java:116)
	at org.apache.catalina.connector.CoyoteAdapter.service(CoyoteAdapter.java:421)
	at org.apache.coyote.http11.AbstractHttp11Processor.process(AbstractHttp11Processor.java:1074)
	at org.apache.coyote.AbstractProtocol$AbstractConnectionHandler.process(AbstractProtocol.java:611)
	at org.apache.tomcat.util.net.JIoEndpoint$SocketProcessor.run(JIoEndpoint.java:316)
	at java.util.concurrent.ThreadPoolExecutor.runWorker(ThreadPoolExecutor.java:1142)
	at java.util.concurrent.ThreadPoolExecutor$Worker.run(ThreadPoolExecutor.java:617)
	at org.apache.tomcat.util.threads.TaskThread$WrappingRunnable.run(TaskThread.java:61)
	at java.lang.Thread.run(Thread.java:745)

