五月 15, 2015 5:02:26 下午 org.apache.catalina.core.StandardWrapperValve invoke
严重: Servlet.service() for servlet [jsp] in context with path [] threw exception [Unable to compile class for JSP: 

An error occurred at line: 11 in the jsp file: /zhuzhuangtu.jsp
Syntax error on token "new", invalid Expression
8: </head>
9: <body>
10: <%
11: List l=new.FunprojectInfo().showProjectVote(0,10);
12: String[] name=new String[10];	
13: int[] votenum=new int[10];	
14: for(int i=0; i<10; i++)


Stacktrace:] with root cause
org.apache.jasper.JasperException: Unable to compile class for JSP: 

An error occurred at line: 11 in the jsp file: /zhuzhuangtu.jsp
Syntax error on token "new", invalid Expression
8: </head>
9: <body>
10: <%
11: List l=new.FunprojectInfo().showProjectVote(0,10);
12: String[] name=new String[10];	
13: int[] votenum=new int[10];	
14: for(int i=0; i<10; i++)


Stacktrace:
	at org.apache.jasper.compiler.DefaultErrorHandler.javacError(DefaultErrorHandler.java:103)
	at org.apache.jasper.compiler.ErrorDispatcher.javacError(ErrorDispatcher.java:366)
	at org.apache.jasper.compiler.JDTCompiler.generateClass(JDTCompiler.java:485)
	at org.apache.jasper.compiler.Compiler.compile(Compiler.java:379)
	at org.apache.jasper.compiler.Compiler.compile(Compiler.java:354)
	at org.apache.jasper.compiler.Compiler.compile(Compiler.java:341)
	at org.apache.jasper.JspCompilationContext.compile(JspCompilationContext.java:657)
	at org.apache.jasper.servlet.JspServletWrapper.service(JspServletWrapper.java:357)
	at org.apache.jasper.servlet.JspServlet.serviceJspFile(JspServlet.java:395)
	at org.apache.jasper.servlet.JspServlet.service(JspServlet.java:339)
	at javax.servlet.http.HttpServlet.service(HttpServlet.java:727)
	at org.apache.catalina.core.ApplicationFilterChain.internalDoFilter(ApplicationFilterChain.java:303)
	at org.apache.catalina.core.ApplicationFilterChain.doFilter(ApplicationFilterChain.java:208)
	at org.apache.tomcat.websocket.server.WsFilter.doFilter(WsFilter.java:52)
	at org.apache.catalina.core.ApplicationFilterChain.internalDoFilter(ApplicationFilterChain.java:241)
	at org.apache.catalina.core.ApplicationFilterChain.doFilter(ApplicationFilterChain.java:208)
	at org.apache.struts2.dispatcher.ng.filter.StrutsPrepareAndExecuteFilter.doFilter(StrutsPrepareAndExecuteFilter.java:96)
	at org.apache.catalina.core.ApplicationFilterChain.internalDoFilter(ApplicationFilterChain.java:241)
	at org.apache.catalina.core.ApplicationFilterChain.doFilter(ApplicationFilterChain.java:208)
	at org.apache.catalina.core.StandardWrapperValve.invoke(StandardWrapperValve.java:220)
	at org.apache.catalina.core.StandardContextValve.invoke(StandardContextValve.java:122)
	at org.apache.catalina.authenticator.AuthenticatorBase.invoke(AuthenticatorBase.java:504)
	at org.apache.catalina.core.StandardHostValve.invoke(StandardHostValve.java:170)
	at org.apache.catalina.valves.ErrorReportValve.invoke(ErrorReportValve.java:103)
	at org.apache.catalina.valves.AccessLogValve.invoke(AccessLogValve.java:950)
	at org.apache.catalina.core.StandardEngineValve.invoke(StandardEngineValve.java:116)
	at org.apache.catalina.connector.CoyoteAdapter.service(CoyoteAdapter.java:421)
	at org.apache.coyote.http11.AbstractHttp11Processor.process(AbstractHttp11Processor.java:1074)
	at org.apache.coyote.AbstractProtocol$AbstractConnectionHandler.process(AbstractProtocol.java:611)
	at org.apache.tomcat.util.net.JIoEndpoint$SocketProcessor.run(JIoEndpoint.java:316)
	at java.util.concurrent.ThreadPoolExecutor.runWorker(ThreadPoolExecutor.java:1142)
	at java.util.concurrent.ThreadPoolExecutor$Worker.run(ThreadPoolExecutor.java:617)
	at org.apache.tomcat.util.threads.TaskThread$WrappingRunnable.run(TaskThread.java:61)
	at java.lang.Thread.run(Thread.java:745)

五月 15, 2015 5:03:21 下午 org.apache.catalina.core.StandardWrapperValve invoke
严重: Servlet.service() for servlet [jsp] in context with path [] threw exception [Unable to compile class for JSP: 

An error occurred at line: 11 in the jsp file: /zhuzhuangtu.jsp
Syntax error on token "new", invalid Expression
8: </head>
9: <body>
10: <%
11: List l=new.FunProjectInfo().showProjectVote(0,10);
12: String[] name=new String[10];	
13: int[] votenum=new int[10];	
14: for(int i=0; i<10; i++)


Stacktrace:] with root cause
org.apache.jasper.JasperException: Unable to compile class for JSP: 

An error occurred at line: 11 in the jsp file: /zhuzhuangtu.jsp
Syntax error on token "new", invalid Expression
8: </head>
9: <body>
10: <%
11: List l=new.FunProjectInfo().showProjectVote(0,10);
12: String[] name=new String[10];	
13: int[] votenum=new int[10];	
14: for(int i=0; i<10; i++)


Stacktrace:
	at org.apache.jasper.compiler.DefaultErrorHandler.javacError(DefaultErrorHandler.java:103)
	at org.apache.jasper.compiler.ErrorDispatcher.javacError(ErrorDispatcher.java:366)
	at org.apache.jasper.compiler.JDTCompiler.generateClass(JDTCompiler.java:485)
	at org.apache.jasper.compiler.Compiler.compile(Compiler.java:379)
	at org.apache.jasper.compiler.Compiler.compile(Compiler.java:354)
	at org.apache.jasper.compiler.Compiler.compile(Compiler.java:341)
	at org.apache.jasper.JspCompilationContext.compile(JspCompilationContext.java:657)
	at org.apache.jasper.servlet.JspServletWrapper.service(JspServletWrapper.java:357)
	at org.apache.jasper.servlet.JspServlet.serviceJspFile(JspServlet.java:395)
	at org.apache.jasper.servlet.JspServlet.service(JspServlet.java:339)
	at javax.servlet.http.HttpServlet.service(HttpServlet.java:727)
	at org.apache.catalina.core.ApplicationFilterChain.internalDoFilter(ApplicationFilterChain.java:303)
	at org.apache.catalina.core.ApplicationFilterChain.doFilter(ApplicationFilterChain.java:208)
	at org.apache.tomcat.websocket.server.WsFilter.doFilter(WsFilter.java:52)
	at org.apache.catalina.core.ApplicationFilterChain.internalDoFilter(ApplicationFilterChain.java:241)
	at org.apache.catalina.core.ApplicationFilterChain.doFilter(ApplicationFilterChain.java:208)
	at org.apache.struts2.dispatcher.ng.filter.StrutsPrepareAndExecuteFilter.doFilter(StrutsPrepareAndExecuteFilter.java:96)
	at org.apache.catalina.core.ApplicationFilterChain.internalDoFilter(ApplicationFilterChain.java:241)
	at org.apache.catalina.core.ApplicationFilterChain.doFilter(ApplicationFilterChain.java:208)
	at org.apache.catalina.core.StandardWrapperValve.invoke(StandardWrapperValve.java:220)
	at org.apache.catalina.core.StandardContextValve.invoke(StandardContextValve.java:122)
	at org.apache.catalina.authenticator.AuthenticatorBase.invoke(AuthenticatorBase.java:504)
	at org.apache.catalina.core.StandardHostValve.invoke(StandardHostValve.java:170)
	at org.apache.catalina.valves.ErrorReportValve.invoke(ErrorReportValve.java:103)
	at org.apache.catalina.valves.AccessLogValve.invoke(AccessLogValve.java:950)
	at org.apache.catalina.core.StandardEngineValve.invoke(StandardEngineValve.java:116)
	at org.apache.catalina.connector.CoyoteAdapter.service(CoyoteAdapter.java:421)
	at org.apache.coyote.http11.AbstractHttp11Processor.process(AbstractHttp11Processor.java:1074)
	at org.apache.coyote.AbstractProtocol$AbstractConnectionHandler.process(AbstractProtocol.java:611)
	at org.apache.tomcat.util.net.JIoEndpoint$SocketProcessor.run(JIoEndpoint.java:314)
	at java.util.concurrent.ThreadPoolExecutor.runWorker(ThreadPoolExecutor.java:1142)
	at java.util.concurrent.ThreadPoolExecutor$Worker.run(ThreadPoolExecutor.java:617)
	at org.apache.tomcat.util.threads.TaskThread$WrappingRunnable.run(TaskThread.java:61)
	at java.lang.Thread.run(Thread.java:745)

五月 15, 2015 5:03:24 下午 org.apache.catalina.core.StandardWrapperValve invoke
严重: Servlet.service() for servlet [jsp] in context with path [] threw exception [java.lang.ClassNotFoundException: org.apache.jsp.zhuzhuangtu_jsp] with root cause
java.lang.ClassNotFoundException: org.apache.jsp.zhuzhuangtu_jsp
	at java.net.URLClassLoader.findClass(URLClassLoader.java:381)
	at org.apache.jasper.servlet.JasperLoader.loadClass(JasperLoader.java:132)
	at org.apache.jasper.servlet.JasperLoader.loadClass(JasperLoader.java:63)
	at org.apache.catalina.core.DefaultInstanceManager.newInstance(DefaultInstanceManager.java:121)
	at org.apache.jasper.servlet.JspServletWrapper.getServlet(JspServletWrapper.java:172)
	at org.apache.jasper.servlet.JspServletWrapper.service(JspServletWrapper.java:369)
	at org.apache.jasper.servlet.JspServlet.serviceJspFile(JspServlet.java:395)
	at org.apache.jasper.servlet.JspServlet.service(JspServlet.java:339)
	at javax.servlet.http.HttpServlet.service(HttpServlet.java:727)
	at org.apache.catalina.core.ApplicationFilterChain.internalDoFilter(ApplicationFilterChain.java:303)
	at org.apache.catalina.core.ApplicationFilterChain.doFilter(ApplicationFilterChain.java:208)
	at org.apache.tomcat.websocket.server.WsFilter.doFilter(WsFilter.java:52)
	at org.apache.catalina.core.ApplicationFilterChain.internalDoFilter(ApplicationFilterChain.java:241)
	at org.apache.catalina.core.ApplicationFilterChain.doFilter(ApplicationFilterChain.java:208)
	at org.apache.struts2.dispatcher.ng.filter.StrutsPrepareAndExecuteFilter.doFilter(StrutsPrepareAndExecuteFilter.java:96)
	at org.apache.catalina.core.ApplicationFilterChain.internalDoFilter(ApplicationFilterChain.java:241)
	at org.apache.catalina.core.ApplicationFilterChain.doFilter(ApplicationFilterChain.java:208)
	at org.apache.catalina.core.StandardWrapperValve.invoke(StandardWrapperValve.java:220)
	at org.apache.catalina.core.StandardContextValve.invoke(StandardContextValve.java:122)
	at org.apache.catalina.authenticator.AuthenticatorBase.invoke(AuthenticatorBase.java:504)
	at org.apache.catalina.core.StandardHostValve.invoke(StandardHostValve.java:170)
	at org.apache.catalina.valves.ErrorReportValve.invoke(ErrorReportValve.java:103)
	at org.apache.catalina.valves.AccessLogValve.invoke(AccessLogValve.java:950)
	at org.apache.catalina.core.StandardEngineValve.invoke(StandardEngineValve.java:116)
	at org.apache.catalina.connector.CoyoteAdapter.service(CoyoteAdapter.java:421)
	at org.apache.coyote.http11.AbstractHttp11Processor.process(AbstractHttp11Processor.java:1074)
	at org.apache.coyote.AbstractProtocol$AbstractConnectionHandler.process(AbstractProtocol.java:611)
	at org.apache.tomcat.util.net.JIoEndpoint$SocketProcessor.run(JIoEndpoint.java:314)
	at java.util.concurrent.ThreadPoolExecutor.runWorker(ThreadPoolExecutor.java:1142)
	at java.util.concurrent.ThreadPoolExecutor$Worker.run(ThreadPoolExecutor.java:617)
	at org.apache.tomcat.util.threads.TaskThread$WrappingRunnable.run(TaskThread.java:61)
	at java.lang.Thread.run(Thread.java:745)

五月 15, 2015 5:03:25 下午 org.apache.catalina.core.StandardWrapperValve invoke
严重: Servlet.service() for servlet [jsp] in context with path [] threw exception [Unable to compile class for JSP: 

An error occurred at line: 11 in the jsp file: /zhuzhuangtu.jsp
Syntax error on token "new", invalid Expression
8: </head>
9: <body>
10: <%
11: List l=new.FunProjectInfo().showProjectVote(0,10);
12: String[] name=new String[10];	
13: int[] votenum=new int[10];	
14: for(int i=0; i<10; i++)


Stacktrace:] with root cause
org.apache.jasper.JasperException: Unable to compile class for JSP: 

An error occurred at line: 11 in the jsp file: /zhuzhuangtu.jsp
Syntax error on token "new", invalid Expression
8: </head>
9: <body>
10: <%
11: List l=new.FunProjectInfo().showProjectVote(0,10);
12: String[] name=new String[10];	
13: int[] votenum=new int[10];	
14: for(int i=0; i<10; i++)


Stacktrace:
	at org.apache.jasper.compiler.DefaultErrorHandler.javacError(DefaultErrorHandler.java:103)
	at org.apache.jasper.compiler.ErrorDispatcher.javacError(ErrorDispatcher.java:366)
	at org.apache.jasper.compiler.JDTCompiler.generateClass(JDTCompiler.java:485)
	at org.apache.jasper.compiler.Compiler.compile(Compiler.java:379)
	at org.apache.jasper.compiler.Compiler.compile(Compiler.java:354)
	at org.apache.jasper.compiler.Compiler.compile(Compiler.java:341)
	at org.apache.jasper.JspCompilationContext.compile(JspCompilationContext.java:657)
	at org.apache.jasper.servlet.JspServletWrapper.service(JspServletWrapper.java:357)
	at org.apache.jasper.servlet.JspServlet.serviceJspFile(JspServlet.java:395)
	at org.apache.jasper.servlet.JspServlet.service(JspServlet.java:339)
	at javax.servlet.http.HttpServlet.service(HttpServlet.java:727)
	at org.apache.catalina.core.ApplicationFilterChain.internalDoFilter(ApplicationFilterChain.java:303)
	at org.apache.catalina.core.ApplicationFilterChain.doFilter(ApplicationFilterChain.java:208)
	at org.apache.tomcat.websocket.server.WsFilter.doFilter(WsFilter.java:52)
	at org.apache.catalina.core.ApplicationFilterChain.internalDoFilter(ApplicationFilterChain.java:241)
	at org.apache.catalina.core.ApplicationFilterChain.doFilter(ApplicationFilterChain.java:208)
	at org.apache.struts2.dispatcher.ng.filter.StrutsPrepareAndExecuteFilter.doFilter(StrutsPrepareAndExecuteFilter.java:96)
	at org.apache.catalina.core.ApplicationFilterChain.internalDoFilter(ApplicationFilterChain.java:241)
	at org.apache.catalina.core.ApplicationFilterChain.doFilter(ApplicationFilterChain.java:208)
	at org.apache.catalina.core.StandardWrapperValve.invoke(StandardWrapperValve.java:220)
	at org.apache.catalina.core.StandardContextValve.invoke(StandardContextValve.java:122)
	at org.apache.catalina.authenticator.AuthenticatorBase.invoke(AuthenticatorBase.java:504)
	at org.apache.catalina.core.StandardHostValve.invoke(StandardHostValve.java:170)
	at org.apache.catalina.valves.ErrorReportValve.invoke(ErrorReportValve.java:103)
	at org.apache.catalina.valves.AccessLogValve.invoke(AccessLogValve.java:950)
	at org.apache.catalina.core.StandardEngineValve.invoke(StandardEngineValve.java:116)
	at org.apache.catalina.connector.CoyoteAdapter.service(CoyoteAdapter.java:421)
	at org.apache.coyote.http11.AbstractHttp11Processor.process(AbstractHttp11Processor.java:1074)
	at org.apache.coyote.AbstractProtocol$AbstractConnectionHandler.process(AbstractProtocol.java:611)
	at org.apache.tomcat.util.net.JIoEndpoint$SocketProcessor.run(JIoEndpoint.java:314)
	at java.util.concurrent.ThreadPoolExecutor.runWorker(ThreadPoolExecutor.java:1142)
	at java.util.concurrent.ThreadPoolExecutor$Worker.run(ThreadPoolExecutor.java:617)
	at org.apache.tomcat.util.threads.TaskThread$WrappingRunnable.run(TaskThread.java:61)
	at java.lang.Thread.run(Thread.java:745)

五月 15, 2015 5:03:26 下午 org.apache.catalina.core.StandardWrapperValve invoke
严重: Servlet.service() for servlet [jsp] in context with path [] threw exception [java.lang.ClassNotFoundException: org.apache.jsp.zhuzhuangtu_jsp] with root cause
java.lang.ClassNotFoundException: org.apache.jsp.zhuzhuangtu_jsp
	at java.net.URLClassLoader.findClass(URLClassLoader.java:381)
	at org.apache.jasper.servlet.JasperLoader.loadClass(JasperLoader.java:132)
	at org.apache.jasper.servlet.JasperLoader.loadClass(JasperLoader.java:63)
	at org.apache.catalina.core.DefaultInstanceManager.newInstance(DefaultInstanceManager.java:121)
	at org.apache.jasper.servlet.JspServletWrapper.getServlet(JspServletWrapper.java:172)
	at org.apache.jasper.servlet.JspServletWrapper.service(JspServletWrapper.java:369)
	at org.apache.jasper.servlet.JspServlet.serviceJspFile(JspServlet.java:395)
	at org.apache.jasper.servlet.JspServlet.service(JspServlet.java:339)
	at javax.servlet.http.HttpServlet.service(HttpServlet.java:727)
	at org.apache.catalina.core.ApplicationFilterChain.internalDoFilter(ApplicationFilterChain.java:303)
	at org.apache.catalina.core.ApplicationFilterChain.doFilter(ApplicationFilterChain.java:208)
	at org.apache.tomcat.websocket.server.WsFilter.doFilter(WsFilter.java:52)
	at org.apache.catalina.core.ApplicationFilterChain.internalDoFilter(ApplicationFilterChain.java:241)
	at org.apache.catalina.core.ApplicationFilterChain.doFilter(ApplicationFilterChain.java:208)
	at org.apache.struts2.dispatcher.ng.filter.StrutsPrepareAndExecuteFilter.doFilter(StrutsPrepareAndExecuteFilter.java:96)
	at org.apache.catalina.core.ApplicationFilterChain.internalDoFilter(ApplicationFilterChain.java:241)
	at org.apache.catalina.core.ApplicationFilterChain.doFilter(ApplicationFilterChain.java:208)
	at org.apache.catalina.core.StandardWrapperValve.invoke(StandardWrapperValve.java:220)
	at org.apache.catalina.core.StandardContextValve.invoke(StandardContextValve.java:122)
	at org.apache.catalina.authenticator.AuthenticatorBase.invoke(AuthenticatorBase.java:504)
	at org.apache.catalina.core.StandardHostValve.invoke(StandardHostValve.java:170)
	at org.apache.catalina.valves.ErrorReportValve.invoke(ErrorReportValve.java:103)
	at org.apache.catalina.valves.AccessLogValve.invoke(AccessLogValve.java:950)
	at org.apache.catalina.core.StandardEngineValve.invoke(StandardEngineValve.java:116)
	at org.apache.catalina.connector.CoyoteAdapter.service(CoyoteAdapter.java:421)
	at org.apache.coyote.http11.AbstractHttp11Processor.process(AbstractHttp11Processor.java:1074)
	at org.apache.coyote.AbstractProtocol$AbstractConnectionHandler.process(AbstractProtocol.java:611)
	at org.apache.tomcat.util.net.JIoEndpoint$SocketProcessor.run(JIoEndpoint.java:314)
	at java.util.concurrent.ThreadPoolExecutor.runWorker(ThreadPoolExecutor.java:1142)
	at java.util.concurrent.ThreadPoolExecutor$Worker.run(ThreadPoolExecutor.java:617)
	at org.apache.tomcat.util.threads.TaskThread$WrappingRunnable.run(TaskThread.java:61)
	at java.lang.Thread.run(Thread.java:745)

五月 15, 2015 5:03:30 下午 org.apache.catalina.core.StandardWrapperValve invoke
严重: Servlet.service() for servlet [jsp] in context with path [] threw exception [Unable to compile class for JSP: 

An error occurred at line: 11 in the jsp file: /zhuzhuangtu.jsp
Syntax error on token "new", invalid Expression
8: </head>
9: <body>
10: <%
11: List l=new.FunProjectInfo().showProjectVote(0,10);
12: String[] name=new String[10];	
13: int[] votenum=new int[10];	
14: for(int i=0; i<10; i++)


Stacktrace:] with root cause
org.apache.jasper.JasperException: Unable to compile class for JSP: 

An error occurred at line: 11 in the jsp file: /zhuzhuangtu.jsp
Syntax error on token "new", invalid Expression
8: </head>
9: <body>
10: <%
11: List l=new.FunProjectInfo().showProjectVote(0,10);
12: String[] name=new String[10];	
13: int[] votenum=new int[10];	
14: for(int i=0; i<10; i++)


Stacktrace:
	at org.apache.jasper.compiler.DefaultErrorHandler.javacError(DefaultErrorHandler.java:103)
	at org.apache.jasper.compiler.ErrorDispatcher.javacError(ErrorDispatcher.java:366)
	at org.apache.jasper.compiler.JDTCompiler.generateClass(JDTCompiler.java:485)
	at org.apache.jasper.compiler.Compiler.compile(Compiler.java:379)
	at org.apache.jasper.compiler.Compiler.compile(Compiler.java:354)
	at org.apache.jasper.compiler.Compiler.compile(Compiler.java:341)
	at org.apache.jasper.JspCompilationContext.compile(JspCompilationContext.java:657)
	at org.apache.jasper.servlet.JspServletWrapper.service(JspServletWrapper.java:357)
	at org.apache.jasper.servlet.JspServlet.serviceJspFile(JspServlet.java:395)
	at org.apache.jasper.servlet.JspServlet.service(JspServlet.java:339)
	at javax.servlet.http.HttpServlet.service(HttpServlet.java:727)
	at org.apache.catalina.core.ApplicationFilterChain.internalDoFilter(ApplicationFilterChain.java:303)
	at org.apache.catalina.core.ApplicationFilterChain.doFilter(ApplicationFilterChain.java:208)
	at org.apache.tomcat.websocket.server.WsFilter.doFilter(WsFilter.java:52)
	at org.apache.catalina.core.ApplicationFilterChain.internalDoFilter(ApplicationFilterChain.java:241)
	at org.apache.catalina.core.ApplicationFilterChain.doFilter(ApplicationFilterChain.java:208)
	at org.apache.struts2.dispatcher.ng.filter.StrutsPrepareAndExecuteFilter.doFilter(StrutsPrepareAndExecuteFilter.java:96)
	at org.apache.catalina.core.ApplicationFilterChain.internalDoFilter(ApplicationFilterChain.java:241)
	at org.apache.catalina.core.ApplicationFilterChain.doFilter(ApplicationFilterChain.java:208)
	at org.apache.catalina.core.StandardWrapperValve.invoke(StandardWrapperValve.java:220)
	at org.apache.catalina.core.StandardContextValve.invoke(StandardContextValve.java:122)
	at org.apache.catalina.authenticator.AuthenticatorBase.invoke(AuthenticatorBase.java:504)
	at org.apache.catalina.core.StandardHostValve.invoke(StandardHostValve.java:170)
	at org.apache.catalina.valves.ErrorReportValve.invoke(ErrorReportValve.java:103)
	at org.apache.catalina.valves.AccessLogValve.invoke(AccessLogValve.java:950)
	at org.apache.catalina.core.StandardEngineValve.invoke(StandardEngineValve.java:116)
	at org.apache.catalina.connector.CoyoteAdapter.service(CoyoteAdapter.java:421)
	at org.apache.coyote.http11.AbstractHttp11Processor.process(AbstractHttp11Processor.java:1074)
	at org.apache.coyote.AbstractProtocol$AbstractConnectionHandler.process(AbstractProtocol.java:611)
	at org.apache.tomcat.util.net.JIoEndpoint$SocketProcessor.run(JIoEndpoint.java:314)
	at java.util.concurrent.ThreadPoolExecutor.runWorker(ThreadPoolExecutor.java:1142)
	at java.util.concurrent.ThreadPoolExecutor$Worker.run(ThreadPoolExecutor.java:617)
	at org.apache.tomcat.util.threads.TaskThread$WrappingRunnable.run(TaskThread.java:61)
	at java.lang.Thread.run(Thread.java:745)

五月 15, 2015 5:04:28 下午 org.apache.catalina.core.StandardWrapperValve invoke
严重: Servlet.service() for servlet [jsp] in context with path [] threw exception [Unable to compile class for JSP: 

An error occurred at line: 16 in the jsp file: /zhuzhuangtu.jsp
The method getProjectName() is undefined for the type Object
13: int[] votenum=new int[10];	
14: for(int i=0; i<10; i++)
15: {
16: name[i]=l.get(i).getProjectName();
17: votenum[i]=l.get(i).getVoteNum();
18:  }	
19: %>


An error occurred at line: 17 in the jsp file: /zhuzhuangtu.jsp
The method getVoteNum() is undefined for the type Object
14: for(int i=0; i<10; i++)
15: {
16: name[i]=l.get(i).getProjectName();
17: votenum[i]=l.get(i).getVoteNum();
18:  }	
19: %>
20: <canvas id="myChart"  width="800" height="400"></canvas>


Stacktrace:] with root cause
org.apache.jasper.JasperException: Unable to compile class for JSP: 

An error occurred at line: 16 in the jsp file: /zhuzhuangtu.jsp
The method getProjectName() is undefined for the type Object
13: int[] votenum=new int[10];	
14: for(int i=0; i<10; i++)
15: {
16: name[i]=l.get(i).getProjectName();
17: votenum[i]=l.get(i).getVoteNum();
18:  }	
19: %>


An error occurred at line: 17 in the jsp file: /zhuzhuangtu.jsp
The method getVoteNum() is undefined for the type Object
14: for(int i=0; i<10; i++)
15: {
16: name[i]=l.get(i).getProjectName();
17: votenum[i]=l.get(i).getVoteNum();
18:  }	
19: %>
20: <canvas id="myChart"  width="800" height="400"></canvas>


Stacktrace:
	at org.apache.jasper.compiler.DefaultErrorHandler.javacError(DefaultErrorHandler.java:103)
	at org.apache.jasper.compiler.ErrorDispatcher.javacError(ErrorDispatcher.java:366)
	at org.apache.jasper.compiler.JDTCompiler.generateClass(JDTCompiler.java:485)
	at org.apache.jasper.compiler.Compiler.compile(Compiler.java:379)
	at org.apache.jasper.compiler.Compiler.compile(Compiler.java:354)
	at org.apache.jasper.compiler.Compiler.compile(Compiler.java:341)
	at org.apache.jasper.JspCompilationContext.compile(JspCompilationContext.java:657)
	at org.apache.jasper.servlet.JspServletWrapper.service(JspServletWrapper.java:357)
	at org.apache.jasper.servlet.JspServlet.serviceJspFile(JspServlet.java:395)
	at org.apache.jasper.servlet.JspServlet.service(JspServlet.java:339)
	at javax.servlet.http.HttpServlet.service(HttpServlet.java:727)
	at org.apache.catalina.core.ApplicationFilterChain.internalDoFilter(ApplicationFilterChain.java:303)
	at org.apache.catalina.core.ApplicationFilterChain.doFilter(ApplicationFilterChain.java:208)
	at org.apache.tomcat.websocket.server.WsFilter.doFilter(WsFilter.java:52)
	at org.apache.catalina.core.ApplicationFilterChain.internalDoFilter(ApplicationFilterChain.java:241)
	at org.apache.catalina.core.ApplicationFilterChain.doFilter(ApplicationFilterChain.java:208)
	at org.apache.struts2.dispatcher.ng.filter.StrutsPrepareAndExecuteFilter.doFilter(StrutsPrepareAndExecuteFilter.java:96)
	at org.apache.catalina.core.ApplicationFilterChain.internalDoFilter(ApplicationFilterChain.java:241)
	at org.apache.catalina.core.ApplicationFilterChain.doFilter(ApplicationFilterChain.java:208)
	at org.apache.catalina.core.StandardWrapperValve.invoke(StandardWrapperValve.java:220)
	at org.apache.catalina.core.StandardContextValve.invoke(StandardContextValve.java:122)
	at org.apache.catalina.authenticator.AuthenticatorBase.invoke(AuthenticatorBase.java:504)
	at org.apache.catalina.core.StandardHostValve.invoke(StandardHostValve.java:170)
	at org.apache.catalina.valves.ErrorReportValve.invoke(ErrorReportValve.java:103)
	at org.apache.catalina.valves.AccessLogValve.invoke(AccessLogValve.java:950)
	at org.apache.catalina.core.StandardEngineValve.invoke(StandardEngineValve.java:116)
	at org.apache.catalina.connector.CoyoteAdapter.service(CoyoteAdapter.java:421)
	at org.apache.coyote.http11.AbstractHttp11Processor.process(AbstractHttp11Processor.java:1074)
	at org.apache.coyote.AbstractProtocol$AbstractConnectionHandler.process(AbstractProtocol.java:611)
	at org.apache.tomcat.util.net.JIoEndpoint$SocketProcessor.run(JIoEndpoint.java:314)
	at java.util.concurrent.ThreadPoolExecutor.runWorker(ThreadPoolExecutor.java:1142)
	at java.util.concurrent.ThreadPoolExecutor$Worker.run(ThreadPoolExecutor.java:617)
	at org.apache.tomcat.util.threads.TaskThread$WrappingRunnable.run(TaskThread.java:61)
	at java.lang.Thread.run(Thread.java:745)

五月 15, 2015 5:05:47 下午 org.apache.catalina.core.StandardWrapperValve invoke
严重: Servlet.service() for servlet [jsp] in context with path [] threw exception [Unable to compile class for JSP: 

An error occurred at line: 16 in the jsp file: /zhuzhuangtu.jsp
Type mismatch: cannot convert from ProjectInfo to String
13: int[] votenum=new int[10];	
14: for(int i=0; i<10; i++)
15: {
16: name[i]=(ProjectInfo)l.get(i).getProjectName();
17: votenum[i]=l.get(i).getVoteNum();
18: }	
19: %>


An error occurred at line: 16 in the jsp file: /zhuzhuangtu.jsp
The method getProjectName() is undefined for the type Object
13: int[] votenum=new int[10];	
14: for(int i=0; i<10; i++)
15: {
16: name[i]=(ProjectInfo)l.get(i).getProjectName();
17: votenum[i]=l.get(i).getVoteNum();
18: }	
19: %>


An error occurred at line: 17 in the jsp file: /zhuzhuangtu.jsp
The method getVoteNum() is undefined for the type Object
14: for(int i=0; i<10; i++)
15: {
16: name[i]=(ProjectInfo)l.get(i).getProjectName();
17: votenum[i]=l.get(i).getVoteNum();
18: }	
19: %>
20: <canvas id="myChart"  width="800" height="400"></canvas>


Stacktrace:] with root cause
org.apache.jasper.JasperException: Unable to compile class for JSP: 

An error occurred at line: 16 in the jsp file: /zhuzhuangtu.jsp
Type mismatch: cannot convert from ProjectInfo to String
13: int[] votenum=new int[10];	
14: for(int i=0; i<10; i++)
15: {
16: name[i]=(ProjectInfo)l.get(i).getProjectName();
17: votenum[i]=l.get(i).getVoteNum();
18: }	
19: %>


An error occurred at line: 16 in the jsp file: /zhuzhuangtu.jsp
The method getProjectName() is undefined for the type Object
13: int[] votenum=new int[10];	
14: for(int i=0; i<10; i++)
15: {
16: name[i]=(ProjectInfo)l.get(i).getProjectName();
17: votenum[i]=l.get(i).getVoteNum();
18: }	
19: %>


An error occurred at line: 17 in the jsp file: /zhuzhuangtu.jsp
The method getVoteNum() is undefined for the type Object
14: for(int i=0; i<10; i++)
15: {
16: name[i]=(ProjectInfo)l.get(i).getProjectName();
17: votenum[i]=l.get(i).getVoteNum();
18: }	
19: %>
20: <canvas id="myChart"  width="800" height="400"></canvas>


Stacktrace:
	at org.apache.jasper.compiler.DefaultErrorHandler.javacError(DefaultErrorHandler.java:103)
	at org.apache.jasper.compiler.ErrorDispatcher.javacError(ErrorDispatcher.java:366)
	at org.apache.jasper.compiler.JDTCompiler.generateClass(JDTCompiler.java:485)
	at org.apache.jasper.compiler.Compiler.compile(Compiler.java:379)
	at org.apache.jasper.compiler.Compiler.compile(Compiler.java:354)
	at org.apache.jasper.compiler.Compiler.compile(Compiler.java:341)
	at org.apache.jasper.JspCompilationContext.compile(JspCompilationContext.java:657)
	at org.apache.jasper.servlet.JspServletWrapper.service(JspServletWrapper.java:357)
	at org.apache.jasper.servlet.JspServlet.serviceJspFile(JspServlet.java:395)
	at org.apache.jasper.servlet.JspServlet.service(JspServlet.java:339)
	at javax.servlet.http.HttpServlet.service(HttpServlet.java:727)
	at org.apache.catalina.core.ApplicationFilterChain.internalDoFilter(ApplicationFilterChain.java:303)
	at org.apache.catalina.core.ApplicationFilterChain.doFilter(ApplicationFilterChain.java:208)
	at org.apache.tomcat.websocket.server.WsFilter.doFilter(WsFilter.java:52)
	at org.apache.catalina.core.ApplicationFilterChain.internalDoFilter(ApplicationFilterChain.java:241)
	at org.apache.catalina.core.ApplicationFilterChain.doFilter(ApplicationFilterChain.java:208)
	at org.apache.struts2.dispatcher.ng.filter.StrutsPrepareAndExecuteFilter.doFilter(StrutsPrepareAndExecuteFilter.java:96)
	at org.apache.catalina.core.ApplicationFilterChain.internalDoFilter(ApplicationFilterChain.java:241)
	at org.apache.catalina.core.ApplicationFilterChain.doFilter(ApplicationFilterChain.java:208)
	at org.apache.catalina.core.StandardWrapperValve.invoke(StandardWrapperValve.java:220)
	at org.apache.catalina.core.StandardContextValve.invoke(StandardContextValve.java:122)
	at org.apache.catalina.authenticator.AuthenticatorBase.invoke(AuthenticatorBase.java:504)
	at org.apache.catalina.core.StandardHostValve.invoke(StandardHostValve.java:170)
	at org.apache.catalina.valves.ErrorReportValve.invoke(ErrorReportValve.java:103)
	at org.apache.catalina.valves.AccessLogValve.invoke(AccessLogValve.java:950)
	at org.apache.catalina.core.StandardEngineValve.invoke(StandardEngineValve.java:116)
	at org.apache.catalina.connector.CoyoteAdapter.service(CoyoteAdapter.java:421)
	at org.apache.coyote.http11.AbstractHttp11Processor.process(AbstractHttp11Processor.java:1074)
	at org.apache.coyote.AbstractProtocol$AbstractConnectionHandler.process(AbstractProtocol.java:611)
	at org.apache.tomcat.util.net.JIoEndpoint$SocketProcessor.run(JIoEndpoint.java:314)
	at java.util.concurrent.ThreadPoolExecutor.runWorker(ThreadPoolExecutor.java:1142)
	at java.util.concurrent.ThreadPoolExecutor$Worker.run(ThreadPoolExecutor.java:617)
	at org.apache.tomcat.util.threads.TaskThread$WrappingRunnable.run(TaskThread.java:61)
	at java.lang.Thread.run(Thread.java:745)

五月 15, 2015 5:05:55 下午 org.apache.catalina.core.StandardWrapperValve invoke
严重: Servlet.service() for servlet [jsp] in context with path [] threw exception [Unable to compile class for JSP: 

An error occurred at line: 16 in the jsp file: /zhuzhuangtu.jsp
Type mismatch: cannot convert from ProjectInfo to String
13: int[] votenum=new int[10];	
14: for(int i=0; i<10; i++)
15: {
16: name[i]=(ProjectInfo)l.get(i).getProjectName();
17: votenum[i]=l.get(i).getVoteNum();
18: }	
19: %>


An error occurred at line: 16 in the jsp file: /zhuzhuangtu.jsp
The method getProjectName() is undefined for the type Object
13: int[] votenum=new int[10];	
14: for(int i=0; i<10; i++)
15: {
16: name[i]=(ProjectInfo)l.get(i).getProjectName();
17: votenum[i]=l.get(i).getVoteNum();
18: }	
19: %>


An error occurred at line: 17 in the jsp file: /zhuzhuangtu.jsp
The method getVoteNum() is undefined for the type Object
14: for(int i=0; i<10; i++)
15: {
16: name[i]=(ProjectInfo)l.get(i).getProjectName();
17: votenum[i]=l.get(i).getVoteNum();
18: }	
19: %>
20: <canvas id="myChart"  width="800" height="400"></canvas>


Stacktrace:] with root cause
org.apache.jasper.JasperException: Unable to compile class for JSP: 

An error occurred at line: 16 in the jsp file: /zhuzhuangtu.jsp
Type mismatch: cannot convert from ProjectInfo to String
13: int[] votenum=new int[10];	
14: for(int i=0; i<10; i++)
15: {
16: name[i]=(ProjectInfo)l.get(i).getProjectName();
17: votenum[i]=l.get(i).getVoteNum();
18: }	
19: %>


An error occurred at line: 16 in the jsp file: /zhuzhuangtu.jsp
The method getProjectName() is undefined for the type Object
13: int[] votenum=new int[10];	
14: for(int i=0; i<10; i++)
15: {
16: name[i]=(ProjectInfo)l.get(i).getProjectName();
17: votenum[i]=l.get(i).getVoteNum();
18: }	
19: %>


An error occurred at line: 17 in the jsp file: /zhuzhuangtu.jsp
The method getVoteNum() is undefined for the type Object
14: for(int i=0; i<10; i++)
15: {
16: name[i]=(ProjectInfo)l.get(i).getProjectName();
17: votenum[i]=l.get(i).getVoteNum();
18: }	
19: %>
20: <canvas id="myChart"  width="800" height="400"></canvas>


Stacktrace:
	at org.apache.jasper.compiler.DefaultErrorHandler.javacError(DefaultErrorHandler.java:103)
	at org.apache.jasper.compiler.ErrorDispatcher.javacError(ErrorDispatcher.java:366)
	at org.apache.jasper.compiler.JDTCompiler.generateClass(JDTCompiler.java:485)
	at org.apache.jasper.compiler.Compiler.compile(Compiler.java:379)
	at org.apache.jasper.compiler.Compiler.compile(Compiler.java:354)
	at org.apache.jasper.compiler.Compiler.compile(Compiler.java:341)
	at org.apache.jasper.JspCompilationContext.compile(JspCompilationContext.java:657)
	at org.apache.jasper.servlet.JspServletWrapper.service(JspServletWrapper.java:357)
	at org.apache.jasper.servlet.JspServlet.serviceJspFile(JspServlet.java:395)
	at org.apache.jasper.servlet.JspServlet.service(JspServlet.java:339)
	at javax.servlet.http.HttpServlet.service(HttpServlet.java:727)
	at org.apache.catalina.core.ApplicationFilterChain.internalDoFilter(ApplicationFilterChain.java:303)
	at org.apache.catalina.core.ApplicationFilterChain.doFilter(ApplicationFilterChain.java:208)
	at org.apache.tomcat.websocket.server.WsFilter.doFilter(WsFilter.java:52)
	at org.apache.catalina.core.ApplicationFilterChain.internalDoFilter(ApplicationFilterChain.java:241)
	at org.apache.catalina.core.ApplicationFilterChain.doFilter(ApplicationFilterChain.java:208)
	at org.apache.struts2.dispatcher.ng.filter.StrutsPrepareAndExecuteFilter.doFilter(StrutsPrepareAndExecuteFilter.java:96)
	at org.apache.catalina.core.ApplicationFilterChain.internalDoFilter(ApplicationFilterChain.java:241)
	at org.apache.catalina.core.ApplicationFilterChain.doFilter(ApplicationFilterChain.java:208)
	at org.apache.catalina.core.StandardWrapperValve.invoke(StandardWrapperValve.java:220)
	at org.apache.catalina.core.StandardContextValve.invoke(StandardContextValve.java:122)
	at org.apache.catalina.authenticator.AuthenticatorBase.invoke(AuthenticatorBase.java:504)
	at org.apache.catalina.core.StandardHostValve.invoke(StandardHostValve.java:170)
	at org.apache.catalina.valves.ErrorReportValve.invoke(ErrorReportValve.java:103)
	at org.apache.catalina.valves.AccessLogValve.invoke(AccessLogValve.java:950)
	at org.apache.catalina.core.StandardEngineValve.invoke(StandardEngineValve.java:116)
	at org.apache.catalina.connector.CoyoteAdapter.service(CoyoteAdapter.java:421)
	at org.apache.coyote.http11.AbstractHttp11Processor.process(AbstractHttp11Processor.java:1074)
	at org.apache.coyote.AbstractProtocol$AbstractConnectionHandler.process(AbstractProtocol.java:611)
	at org.apache.tomcat.util.net.JIoEndpoint$SocketProcessor.run(JIoEndpoint.java:314)
	at java.util.concurrent.ThreadPoolExecutor.runWorker(ThreadPoolExecutor.java:1142)
	at java.util.concurrent.ThreadPoolExecutor$Worker.run(ThreadPoolExecutor.java:617)
	at org.apache.tomcat.util.threads.TaskThread$WrappingRunnable.run(TaskThread.java:61)
	at java.lang.Thread.run(Thread.java:745)

五月 15, 2015 5:43:08 下午 org.apache.catalina.core.StandardWrapperValve invoke
严重: Servlet.service() for servlet [default] in context with path [] threw exception
Unable to load file:/C:/vote/InnovationVote/WEB-INF/struts.xml - file:/C:/vote/InnovationVote/WEB-INF/struts.xml:27:18
	at com.opensymphony.xwork2.config.providers.XmlConfigurationProvider.loadConfigurationFiles(XmlConfigurationProvider.java:1027)
	at com.opensymphony.xwork2.config.providers.XmlConfigurationProvider.loadDocuments(XmlConfigurationProvider.java:167)
	at com.opensymphony.xwork2.config.providers.XmlConfigurationProvider.init(XmlConfigurationProvider.java:134)
	at com.opensymphony.xwork2.config.impl.DefaultConfiguration.reloadContainer(DefaultConfiguration.java:239)
	at com.opensymphony.xwork2.config.ConfigurationManager.reloadProviders(ConfigurationManager.java:235)
	at com.opensymphony.xwork2.config.ConfigurationManager.conditionalReload(ConfigurationManager.java:184)
	at com.opensymphony.xwork2.config.ConfigurationManager.getConfiguration(ConfigurationManager.java:73)
	at org.apache.struts2.dispatcher.Dispatcher.getContainer(Dispatcher.java:967)
	at org.apache.struts2.dispatcher.ng.PrepareOperations.createActionContext(PrepareOperations.java:80)
	at org.apache.struts2.dispatcher.ng.filter.StrutsPrepareAndExecuteFilter.doFilter(StrutsPrepareAndExecuteFilter.java:89)
	at org.apache.catalina.core.ApplicationFilterChain.internalDoFilter(ApplicationFilterChain.java:241)
	at org.apache.catalina.core.ApplicationFilterChain.doFilter(ApplicationFilterChain.java:208)
	at org.apache.catalina.core.StandardWrapperValve.invoke(StandardWrapperValve.java:220)
	at org.apache.catalina.core.StandardContextValve.invoke(StandardContextValve.java:122)
	at org.apache.catalina.authenticator.AuthenticatorBase.invoke(AuthenticatorBase.java:504)
	at org.apache.catalina.core.StandardHostValve.invoke(StandardHostValve.java:170)
	at org.apache.catalina.valves.ErrorReportValve.invoke(ErrorReportValve.java:103)
	at org.apache.catalina.valves.AccessLogValve.invoke(AccessLogValve.java:950)
	at org.apache.catalina.core.StandardEngineValve.invoke(StandardEngineValve.java:116)
	at org.apache.catalina.connector.CoyoteAdapter.service(CoyoteAdapter.java:421)
	at org.apache.coyote.http11.AbstractHttp11Processor.process(AbstractHttp11Processor.java:1074)
	at org.apache.coyote.AbstractProtocol$AbstractConnectionHandler.process(AbstractProtocol.java:611)
	at org.apache.tomcat.util.net.JIoEndpoint$SocketProcessor.run(JIoEndpoint.java:314)
	at java.util.concurrent.ThreadPoolExecutor.runWorker(ThreadPoolExecutor.java:1142)
	at java.util.concurrent.ThreadPoolExecutor$Worker.run(ThreadPoolExecutor.java:617)
	at org.apache.tomcat.util.threads.TaskThread$WrappingRunnable.run(TaskThread.java:61)
	at java.lang.Thread.run(Thread.java:745)
Caused by: 元素类型为 "action" 的内容必须匹配 "((param|result|interceptor-ref|exception-mapping)*,allowed-methods?)"。 - file:/C:/vote/InnovationVote/WEB-INF/struts.xml:27:18
	at com.opensymphony.xwork2.util.DomHelper.parse(DomHelper.java:119)
	at com.opensymphony.xwork2.config.providers.XmlConfigurationProvider.loadConfigurationFiles(XmlConfigurationProvider.java:1021)
	... 26 more
Caused by: org.xml.sax.SAXParseException; systemId: file:/C:/vote/InnovationVote/WEB-INF/struts.xml; lineNumber: 27; columnNumber: 18; 元素类型为 "action" 的内容必须匹配 "((param|result|interceptor-ref|exception-mapping)*,allowed-methods?)"。
	at com.sun.org.apache.xerces.internal.util.ErrorHandlerWrapper.createSAXParseException(ErrorHandlerWrapper.java:203)
	at com.sun.org.apache.xerces.internal.util.ErrorHandlerWrapper.error(ErrorHandlerWrapper.java:134)
	at com.sun.org.apache.xerces.internal.impl.XMLErrorReporter.reportError(XMLErrorReporter.java:437)
	at com.sun.org.apache.xerces.internal.impl.XMLErrorReporter.reportError(XMLErrorReporter.java:368)
	at com.sun.org.apache.xerces.internal.impl.XMLErrorReporter.reportError(XMLErrorReporter.java:325)
	at com.sun.org.apache.xerces.internal.impl.dtd.XMLDTDValidator.handleEndElement(XMLDTDValidator.java:1994)
	at com.sun.org.apache.xerces.internal.impl.dtd.XMLDTDValidator.endElement(XMLDTDValidator.java:879)
	at com.sun.org.apache.xerces.internal.impl.XMLDocumentFragmentScannerImpl.scanEndElement(XMLDocumentFragmentScannerImpl.java:1782)
	at com.sun.org.apache.xerces.internal.impl.XMLDocumentFragmentScannerImpl$FragmentContentDriver.next(XMLDocumentFragmentScannerImpl.java:2973)
	at com.sun.org.apache.xerces.internal.impl.XMLDocumentScannerImpl.next(XMLDocumentScannerImpl.java:606)
	at com.sun.org.apache.xerces.internal.impl.XMLNSDocumentScannerImpl.next(XMLNSDocumentScannerImpl.java:117)
	at com.sun.org.apache.xerces.internal.impl.XMLDocumentFragmentScannerImpl.scanDocument(XMLDocumentFragmentScannerImpl.java:510)
	at com.sun.org.apache.xerces.internal.parsers.XML11Configuration.parse(XML11Configuration.java:848)
	at com.sun.org.apache.xerces.internal.parsers.XML11Configuration.parse(XML11Configuration.java:777)
	at com.sun.org.apache.xerces.internal.parsers.XMLParser.parse(XMLParser.java:141)
	at com.sun.org.apache.xerces.internal.parsers.AbstractSAXParser.parse(AbstractSAXParser.java:1213)
	at com.sun.org.apache.xerces.internal.jaxp.SAXParserImpl$JAXPSAXParser.parse(SAXParserImpl.java:649)
	at com.sun.org.apache.xerces.internal.jaxp.SAXParserImpl.parse(SAXParserImpl.java:333)
	at com.opensymphony.xwork2.util.DomHelper.parse(DomHelper.java:117)
	... 27 more

五月 15, 2015 6:08:04 下午 org.apache.catalina.core.StandardContext filterStart
严重: Exception starting filter struts2
Unable to load configuration. - file:/C:/vote/InnovationVote/WEB-INF/struts.xml:27:18
	at org.apache.struts2.dispatcher.Dispatcher.init(Dispatcher.java:493)
	at org.apache.struts2.dispatcher.ng.InitOperations.initDispatcher(InitOperations.java:74)
	at org.apache.struts2.dispatcher.ng.filter.StrutsPrepareAndExecuteFilter.init(StrutsPrepareAndExecuteFilter.java:57)
	at org.apache.catalina.core.ApplicationFilterConfig.initFilter(ApplicationFilterConfig.java:279)
	at org.apache.catalina.core.ApplicationFilterConfig.getFilter(ApplicationFilterConfig.java:260)
	at org.apache.catalina.core.ApplicationFilterConfig.<init>(ApplicationFilterConfig.java:105)
	at org.apache.catalina.core.StandardContext.filterStart(StandardContext.java:4854)
	at org.apache.catalina.core.StandardContext.startInternal(StandardContext.java:5542)
	at org.apache.catalina.util.LifecycleBase.start(LifecycleBase.java:150)
	at org.apache.catalina.core.ContainerBase$StartChild.call(ContainerBase.java:1575)
	at org.apache.catalina.core.ContainerBase$StartChild.call(ContainerBase.java:1565)
	at java.util.concurrent.FutureTask.run(FutureTask.java:266)
	at java.util.concurrent.ThreadPoolExecutor.runWorker(ThreadPoolExecutor.java:1142)
	at java.util.concurrent.ThreadPoolExecutor$Worker.run(ThreadPoolExecutor.java:617)
	at java.lang.Thread.run(Thread.java:745)
Caused by: Unable to load configuration. - file:/C:/vote/InnovationVote/WEB-INF/struts.xml:27:18
	at com.opensymphony.xwork2.config.ConfigurationManager.getConfiguration(ConfigurationManager.java:70)
	at org.apache.struts2.dispatcher.Dispatcher.getContainer(Dispatcher.java:967)
	at org.apache.struts2.dispatcher.Dispatcher.init_PreloadConfiguration(Dispatcher.java:435)
	at org.apache.struts2.dispatcher.Dispatcher.init(Dispatcher.java:479)
	... 14 more
Caused by: Unable to load file:/C:/vote/InnovationVote/WEB-INF/struts.xml - file:/C:/vote/InnovationVote/WEB-INF/struts.xml:27:18
	at com.opensymphony.xwork2.config.providers.XmlConfigurationProvider.loadConfigurationFiles(XmlConfigurationProvider.java:1027)
	at com.opensymphony.xwork2.config.providers.XmlConfigurationProvider.loadDocuments(XmlConfigurationProvider.java:167)
	at com.opensymphony.xwork2.config.providers.XmlConfigurationProvider.init(XmlConfigurationProvider.java:134)
	at com.opensymphony.xwork2.config.impl.DefaultConfiguration.reloadContainer(DefaultConfiguration.java:239)
	at com.opensymphony.xwork2.config.ConfigurationManager.getConfiguration(ConfigurationManager.java:67)
	... 17 more
Caused by: 元素类型为 "action" 的内容必须匹配 "((param|result|interceptor-ref|exception-mapping)*,allowed-methods?)"。 - file:/C:/vote/InnovationVote/WEB-INF/struts.xml:27:18
	at com.opensymphony.xwork2.util.DomHelper.parse(DomHelper.java:119)
	at com.opensymphony.xwork2.config.providers.XmlConfigurationProvider.loadConfigurationFiles(XmlConfigurationProvider.java:1021)
	... 21 more
Caused by: org.xml.sax.SAXParseException; systemId: file:/C:/vote/InnovationVote/WEB-INF/struts.xml; lineNumber: 27; columnNumber: 18; 元素类型为 "action" 的内容必须匹配 "((param|result|interceptor-ref|exception-mapping)*,allowed-methods?)"。
	at com.sun.org.apache.xerces.internal.util.ErrorHandlerWrapper.createSAXParseException(ErrorHandlerWrapper.java:203)
	at com.sun.org.apache.xerces.internal.util.ErrorHandlerWrapper.error(ErrorHandlerWrapper.java:134)
	at com.sun.org.apache.xerces.internal.impl.XMLErrorReporter.reportError(XMLErrorReporter.java:437)
	at com.sun.org.apache.xerces.internal.impl.XMLErrorReporter.reportError(XMLErrorReporter.java:368)
	at com.sun.org.apache.xerces.internal.impl.XMLErrorReporter.reportError(XMLErrorReporter.java:325)
	at com.sun.org.apache.xerces.internal.impl.dtd.XMLDTDValidator.handleEndElement(XMLDTDValidator.java:1994)
	at com.sun.org.apache.xerces.internal.impl.dtd.XMLDTDValidator.endElement(XMLDTDValidator.java:879)
	at com.sun.org.apache.xerces.internal.impl.XMLDocumentFragmentScannerImpl.scanEndElement(XMLDocumentFragmentScannerImpl.java:1782)
	at com.sun.org.apache.xerces.internal.impl.XMLDocumentFragmentScannerImpl$FragmentContentDriver.next(XMLDocumentFragmentScannerImpl.java:2973)
	at com.sun.org.apache.xerces.internal.impl.XMLDocumentScannerImpl.next(XMLDocumentScannerImpl.java:606)
	at com.sun.org.apache.xerces.internal.impl.XMLNSDocumentScannerImpl.next(XMLNSDocumentScannerImpl.java:117)
	at com.sun.org.apache.xerces.internal.impl.XMLDocumentFragmentScannerImpl.scanDocument(XMLDocumentFragmentScannerImpl.java:510)
	at com.sun.org.apache.xerces.internal.parsers.XML11Configuration.parse(XML11Configuration.java:848)
	at com.sun.org.apache.xerces.internal.parsers.XML11Configuration.parse(XML11Configuration.java:777)
	at com.sun.org.apache.xerces.internal.parsers.XMLParser.parse(XMLParser.java:141)
	at com.sun.org.apache.xerces.internal.parsers.AbstractSAXParser.parse(AbstractSAXParser.java:1213)
	at com.sun.org.apache.xerces.internal.jaxp.SAXParserImpl$JAXPSAXParser.parse(SAXParserImpl.java:649)
	at com.sun.org.apache.xerces.internal.jaxp.SAXParserImpl.parse(SAXParserImpl.java:333)
	at com.opensymphony.xwork2.util.DomHelper.parse(DomHelper.java:117)
	... 22 more

五月 15, 2015 6:09:02 下午 org.apache.catalina.core.StandardContext filterStart
严重: Exception starting filter struts2
Unable to load configuration. - file:/C:/vote/InnovationVote/WEB-INF/struts.xml:27:7
	at org.apache.struts2.dispatcher.Dispatcher.init(Dispatcher.java:493)
	at org.apache.struts2.dispatcher.ng.InitOperations.initDispatcher(InitOperations.java:74)
	at org.apache.struts2.dispatcher.ng.filter.StrutsPrepareAndExecuteFilter.init(StrutsPrepareAndExecuteFilter.java:57)
	at org.apache.catalina.core.ApplicationFilterConfig.initFilter(ApplicationFilterConfig.java:279)
	at org.apache.catalina.core.ApplicationFilterConfig.getFilter(ApplicationFilterConfig.java:260)
	at org.apache.catalina.core.ApplicationFilterConfig.<init>(ApplicationFilterConfig.java:105)
	at org.apache.catalina.core.StandardContext.filterStart(StandardContext.java:4854)
	at org.apache.catalina.core.StandardContext.startInternal(StandardContext.java:5542)
	at org.apache.catalina.util.LifecycleBase.start(LifecycleBase.java:150)
	at org.apache.catalina.core.ContainerBase$StartChild.call(ContainerBase.java:1575)
	at org.apache.catalina.core.ContainerBase$StartChild.call(ContainerBase.java:1565)
	at java.util.concurrent.FutureTask.run(FutureTask.java:266)
	at java.util.concurrent.ThreadPoolExecutor.runWorker(ThreadPoolExecutor.java:1142)
	at java.util.concurrent.ThreadPoolExecutor$Worker.run(ThreadPoolExecutor.java:617)
	at java.lang.Thread.run(Thread.java:745)
Caused by: Unable to load configuration. - file:/C:/vote/InnovationVote/WEB-INF/struts.xml:27:7
	at com.opensymphony.xwork2.config.ConfigurationManager.getConfiguration(ConfigurationManager.java:70)
	at org.apache.struts2.dispatcher.Dispatcher.getContainer(Dispatcher.java:967)
	at org.apache.struts2.dispatcher.Dispatcher.init_PreloadConfiguration(Dispatcher.java:435)
	at org.apache.struts2.dispatcher.Dispatcher.init(Dispatcher.java:479)
	... 14 more
Caused by: Unable to load file:/C:/vote/InnovationVote/WEB-INF/struts.xml - file:/C:/vote/InnovationVote/WEB-INF/struts.xml:27:7
	at com.opensymphony.xwork2.config.providers.XmlConfigurationProvider.loadConfigurationFiles(XmlConfigurationProvider.java:1027)
	at com.opensymphony.xwork2.config.providers.XmlConfigurationProvider.loadDocuments(XmlConfigurationProvider.java:167)
	at com.opensymphony.xwork2.config.providers.XmlConfigurationProvider.init(XmlConfigurationProvider.java:134)
	at com.opensymphony.xwork2.config.impl.DefaultConfiguration.reloadContainer(DefaultConfiguration.java:239)
	at com.opensymphony.xwork2.config.ConfigurationManager.getConfiguration(ConfigurationManager.java:67)
	... 17 more
Caused by: 元素类型 "action" 必须由匹配的结束标记 "</action>" 终止。 - file:/C:/vote/InnovationVote/WEB-INF/struts.xml:27:7
	at com.opensymphony.xwork2.util.DomHelper.parse(DomHelper.java:119)
	at com.opensymphony.xwork2.config.providers.XmlConfigurationProvider.loadConfigurationFiles(XmlConfigurationProvider.java:1021)
	... 21 more
Caused by: org.xml.sax.SAXParseException; systemId: file:/C:/vote/InnovationVote/WEB-INF/struts.xml; lineNumber: 27; columnNumber: 7; 元素类型 "action" 必须由匹配的结束标记 "</action>" 终止。
	at com.sun.org.apache.xerces.internal.util.ErrorHandlerWrapper.createSAXParseException(ErrorHandlerWrapper.java:203)
	at com.sun.org.apache.xerces.internal.util.ErrorHandlerWrapper.fatalError(ErrorHandlerWrapper.java:177)
	at com.sun.org.apache.xerces.internal.impl.XMLErrorReporter.reportError(XMLErrorReporter.java:441)
	at com.sun.org.apache.xerces.internal.impl.XMLErrorReporter.reportError(XMLErrorReporter.java:368)
	at com.sun.org.apache.xerces.internal.impl.XMLScanner.reportFatalError(XMLScanner.java:1436)
	at com.sun.org.apache.xerces.internal.impl.XMLDocumentFragmentScannerImpl.scanEndElement(XMLDocumentFragmentScannerImpl.java:1749)
	at com.sun.org.apache.xerces.internal.impl.XMLDocumentFragmentScannerImpl$FragmentContentDriver.next(XMLDocumentFragmentScannerImpl.java:2973)
	at com.sun.org.apache.xerces.internal.impl.XMLDocumentScannerImpl.next(XMLDocumentScannerImpl.java:606)
	at com.sun.org.apache.xerces.internal.impl.XMLNSDocumentScannerImpl.next(XMLNSDocumentScannerImpl.java:117)
	at com.sun.org.apache.xerces.internal.impl.XMLDocumentFragmentScannerImpl.scanDocument(XMLDocumentFragmentScannerImpl.java:510)
	at com.sun.org.apache.xerces.internal.parsers.XML11Configuration.parse(XML11Configuration.java:848)
	at com.sun.org.apache.xerces.internal.parsers.XML11Configuration.parse(XML11Configuration.java:777)
	at com.sun.org.apache.xerces.internal.parsers.XMLParser.parse(XMLParser.java:141)
	at com.sun.org.apache.xerces.internal.parsers.AbstractSAXParser.parse(AbstractSAXParser.java:1213)
	at com.sun.org.apache.xerces.internal.jaxp.SAXParserImpl$JAXPSAXParser.parse(SAXParserImpl.java:649)
	at com.sun.org.apache.xerces.internal.jaxp.SAXParserImpl.parse(SAXParserImpl.java:333)
	at com.opensymphony.xwork2.util.DomHelper.parse(DomHelper.java:117)
	... 22 more

五月 15, 2015 6:10:09 下午 org.apache.catalina.core.StandardContext filterStart
严重: Exception starting filter struts2
Unable to load configuration. - file:/C:/vote/InnovationVote/WEB-INF/struts.xml:27:7
	at org.apache.struts2.dispatcher.Dispatcher.init(Dispatcher.java:493)
	at org.apache.struts2.dispatcher.ng.InitOperations.initDispatcher(InitOperations.java:74)
	at org.apache.struts2.dispatcher.ng.filter.StrutsPrepareAndExecuteFilter.init(StrutsPrepareAndExecuteFilter.java:57)
	at org.apache.catalina.core.ApplicationFilterConfig.initFilter(ApplicationFilterConfig.java:279)
	at org.apache.catalina.core.ApplicationFilterConfig.getFilter(ApplicationFilterConfig.java:260)
	at org.apache.catalina.core.ApplicationFilterConfig.<init>(ApplicationFilterConfig.java:105)
	at org.apache.catalina.core.StandardContext.filterStart(StandardContext.java:4854)
	at org.apache.catalina.core.StandardContext.startInternal(StandardContext.java:5542)
	at org.apache.catalina.util.LifecycleBase.start(LifecycleBase.java:150)
	at org.apache.catalina.core.ContainerBase$StartChild.call(ContainerBase.java:1575)
	at org.apache.catalina.core.ContainerBase$StartChild.call(ContainerBase.java:1565)
	at java.util.concurrent.FutureTask.run(FutureTask.java:266)
	at java.util.concurrent.ThreadPoolExecutor.runWorker(ThreadPoolExecutor.java:1142)
	at java.util.concurrent.ThreadPoolExecutor$Worker.run(ThreadPoolExecutor.java:617)
	at java.lang.Thread.run(Thread.java:745)
Caused by: Unable to load configuration. - file:/C:/vote/InnovationVote/WEB-INF/struts.xml:27:7
	at com.opensymphony.xwork2.config.ConfigurationManager.getConfiguration(ConfigurationManager.java:70)
	at org.apache.struts2.dispatcher.Dispatcher.getContainer(Dispatcher.java:967)
	at org.apache.struts2.dispatcher.Dispatcher.init_PreloadConfiguration(Dispatcher.java:435)
	at org.apache.struts2.dispatcher.Dispatcher.init(Dispatcher.java:479)
	... 14 more
Caused by: Unable to load file:/C:/vote/InnovationVote/WEB-INF/struts.xml - file:/C:/vote/InnovationVote/WEB-INF/struts.xml:27:7
	at com.opensymphony.xwork2.config.providers.XmlConfigurationProvider.loadConfigurationFiles(XmlConfigurationProvider.java:1027)
	at com.opensymphony.xwork2.config.providers.XmlConfigurationProvider.loadDocuments(XmlConfigurationProvider.java:167)
	at com.opensymphony.xwork2.config.providers.XmlConfigurationProvider.init(XmlConfigurationProvider.java:134)
	at com.opensymphony.xwork2.config.impl.DefaultConfiguration.reloadContainer(DefaultConfiguration.java:239)
	at com.opensymphony.xwork2.config.ConfigurationManager.getConfiguration(ConfigurationManager.java:67)
	... 17 more
Caused by: 元素类型 "action" 必须由匹配的结束标记 "</action>" 终止。 - file:/C:/vote/InnovationVote/WEB-INF/struts.xml:27:7
	at com.opensymphony.xwork2.util.DomHelper.parse(DomHelper.java:119)
	at com.opensymphony.xwork2.config.providers.XmlConfigurationProvider.loadConfigurationFiles(XmlConfigurationProvider.java:1021)
	... 21 more
Caused by: org.xml.sax.SAXParseException; systemId: file:/C:/vote/InnovationVote/WEB-INF/struts.xml; lineNumber: 27; columnNumber: 7; 元素类型 "action" 必须由匹配的结束标记 "</action>" 终止。
	at com.sun.org.apache.xerces.internal.util.ErrorHandlerWrapper.createSAXParseException(ErrorHandlerWrapper.java:203)
	at com.sun.org.apache.xerces.internal.util.ErrorHandlerWrapper.fatalError(ErrorHandlerWrapper.java:177)
	at com.sun.org.apache.xerces.internal.impl.XMLErrorReporter.reportError(XMLErrorReporter.java:441)
	at com.sun.org.apache.xerces.internal.impl.XMLErrorReporter.reportError(XMLErrorReporter.java:368)
	at com.sun.org.apache.xerces.internal.impl.XMLScanner.reportFatalError(XMLScanner.java:1436)
	at com.sun.org.apache.xerces.internal.impl.XMLDocumentFragmentScannerImpl.scanEndElement(XMLDocumentFragmentScannerImpl.java:1749)
	at com.sun.org.apache.xerces.internal.impl.XMLDocumentFragmentScannerImpl$FragmentContentDriver.next(XMLDocumentFragmentScannerImpl.java:2973)
	at com.sun.org.apache.xerces.internal.impl.XMLDocumentScannerImpl.next(XMLDocumentScannerImpl.java:606)
	at com.sun.org.apache.xerces.internal.impl.XMLNSDocumentScannerImpl.next(XMLNSDocumentScannerImpl.java:117)
	at com.sun.org.apache.xerces.internal.impl.XMLDocumentFragmentScannerImpl.scanDocument(XMLDocumentFragmentScannerImpl.java:510)
	at com.sun.org.apache.xerces.internal.parsers.XML11Configuration.parse(XML11Configuration.java:848)
	at com.sun.org.apache.xerces.internal.parsers.XML11Configuration.parse(XML11Configuration.java:777)
	at com.sun.org.apache.xerces.internal.parsers.XMLParser.parse(XMLParser.java:141)
	at com.sun.org.apache.xerces.internal.parsers.AbstractSAXParser.parse(AbstractSAXParser.java:1213)
	at com.sun.org.apache.xerces.internal.jaxp.SAXParserImpl$JAXPSAXParser.parse(SAXParserImpl.java:649)
	at com.sun.org.apache.xerces.internal.jaxp.SAXParserImpl.parse(SAXParserImpl.java:333)
	at com.opensymphony.xwork2.util.DomHelper.parse(DomHelper.java:117)
	... 22 more

五月 15, 2015 7:25:19 下午 org.apache.catalina.core.StandardContext filterStart
严重: Exception starting filter struts2
Unable to load configuration. - file:/C:/vote/InnovationVote/WEB-INF/struts.xml:27:7
	at org.apache.struts2.dispatcher.Dispatcher.init(Dispatcher.java:493)
	at org.apache.struts2.dispatcher.ng.InitOperations.initDispatcher(InitOperations.java:74)
	at org.apache.struts2.dispatcher.ng.filter.StrutsPrepareAndExecuteFilter.init(StrutsPrepareAndExecuteFilter.java:57)
	at org.apache.catalina.core.ApplicationFilterConfig.initFilter(ApplicationFilterConfig.java:279)
	at org.apache.catalina.core.ApplicationFilterConfig.getFilter(ApplicationFilterConfig.java:260)
	at org.apache.catalina.core.ApplicationFilterConfig.<init>(ApplicationFilterConfig.java:105)
	at org.apache.catalina.core.StandardContext.filterStart(StandardContext.java:4854)
	at org.apache.catalina.core.StandardContext.startInternal(StandardContext.java:5542)
	at org.apache.catalina.util.LifecycleBase.start(LifecycleBase.java:150)
	at org.apache.catalina.core.ContainerBase$StartChild.call(ContainerBase.java:1575)
	at org.apache.catalina.core.ContainerBase$StartChild.call(ContainerBase.java:1565)
	at java.util.concurrent.FutureTask.run(FutureTask.java:266)
	at java.util.concurrent.ThreadPoolExecutor.runWorker(ThreadPoolExecutor.java:1142)
	at java.util.concurrent.ThreadPoolExecutor$Worker.run(ThreadPoolExecutor.java:617)
	at java.lang.Thread.run(Thread.java:745)
Caused by: Unable to load configuration. - file:/C:/vote/InnovationVote/WEB-INF/struts.xml:27:7
	at com.opensymphony.xwork2.config.ConfigurationManager.getConfiguration(ConfigurationManager.java:70)
	at org.apache.struts2.dispatcher.Dispatcher.getContainer(Dispatcher.java:967)
	at org.apache.struts2.dispatcher.Dispatcher.init_PreloadConfiguration(Dispatcher.java:435)
	at org.apache.struts2.dispatcher.Dispatcher.init(Dispatcher.java:479)
	... 14 more
Caused by: Unable to load file:/C:/vote/InnovationVote/WEB-INF/struts.xml - file:/C:/vote/InnovationVote/WEB-INF/struts.xml:27:7
	at com.opensymphony.xwork2.config.providers.XmlConfigurationProvider.loadConfigurationFiles(XmlConfigurationProvider.java:1027)
	at com.opensymphony.xwork2.config.providers.XmlConfigurationProvider.loadDocuments(XmlConfigurationProvider.java:167)
	at com.opensymphony.xwork2.config.providers.XmlConfigurationProvider.init(XmlConfigurationProvider.java:134)
	at com.opensymphony.xwork2.config.impl.DefaultConfiguration.reloadContainer(DefaultConfiguration.java:239)
	at com.opensymphony.xwork2.config.ConfigurationManager.getConfiguration(ConfigurationManager.java:67)
	... 17 more
Caused by: 元素类型 "action" 必须由匹配的结束标记 "</action>" 终止。 - file:/C:/vote/InnovationVote/WEB-INF/struts.xml:27:7
	at com.opensymphony.xwork2.util.DomHelper.parse(DomHelper.java:119)
	at com.opensymphony.xwork2.config.providers.XmlConfigurationProvider.loadConfigurationFiles(XmlConfigurationProvider.java:1021)
	... 21 more
Caused by: org.xml.sax.SAXParseException; systemId: file:/C:/vote/InnovationVote/WEB-INF/struts.xml; lineNumber: 27; columnNumber: 7; 元素类型 "action" 必须由匹配的结束标记 "</action>" 终止。
	at com.sun.org.apache.xerces.internal.util.ErrorHandlerWrapper.createSAXParseException(ErrorHandlerWrapper.java:203)
	at com.sun.org.apache.xerces.internal.util.ErrorHandlerWrapper.fatalError(ErrorHandlerWrapper.java:177)
	at com.sun.org.apache.xerces.internal.impl.XMLErrorReporter.reportError(XMLErrorReporter.java:441)
	at com.sun.org.apache.xerces.internal.impl.XMLErrorReporter.reportError(XMLErrorReporter.java:368)
	at com.sun.org.apache.xerces.internal.impl.XMLScanner.reportFatalError(XMLScanner.java:1436)
	at com.sun.org.apache.xerces.internal.impl.XMLDocumentFragmentScannerImpl.scanEndElement(XMLDocumentFragmentScannerImpl.java:1749)
	at com.sun.org.apache.xerces.internal.impl.XMLDocumentFragmentScannerImpl$FragmentContentDriver.next(XMLDocumentFragmentScannerImpl.java:2973)
	at com.sun.org.apache.xerces.internal.impl.XMLDocumentScannerImpl.next(XMLDocumentScannerImpl.java:606)
	at com.sun.org.apache.xerces.internal.impl.XMLNSDocumentScannerImpl.next(XMLNSDocumentScannerImpl.java:117)
	at com.sun.org.apache.xerces.internal.impl.XMLDocumentFragmentScannerImpl.scanDocument(XMLDocumentFragmentScannerImpl.java:510)
	at com.sun.org.apache.xerces.internal.parsers.XML11Configuration.parse(XML11Configuration.java:848)
	at com.sun.org.apache.xerces.internal.parsers.XML11Configuration.parse(XML11Configuration.java:777)
	at com.sun.org.apache.xerces.internal.parsers.XMLParser.parse(XMLParser.java:141)
	at com.sun.org.apache.xerces.internal.parsers.AbstractSAXParser.parse(AbstractSAXParser.java:1213)
	at com.sun.org.apache.xerces.internal.jaxp.SAXParserImpl$JAXPSAXParser.parse(SAXParserImpl.java:649)
	at com.sun.org.apache.xerces.internal.jaxp.SAXParserImpl.parse(SAXParserImpl.java:333)
	at com.opensymphony.xwork2.util.DomHelper.parse(DomHelper.java:117)
	... 22 more

五月 15, 2015 7:53:14 下午 org.apache.catalina.core.StandardWrapperValve invoke
严重: Servlet.service() for servlet [jsp] in context with path [] threw exception [Unable to compile class for JSP: 

An error occurred at line: 11 in the jsp file: /zhuzhuangtu.jsp
Syntax error on token "new", invalid Expression
8: </head>
9: <body>
10: <%
11: List l=new.FunProjectInfo().showProjectVote(0,10);
12: String[] name=new String[10];	
13: int[] votenum=new int[10];	
14: ProjectInfo[] p = new ProjectInfo[10];


Stacktrace:] with root cause
org.apache.jasper.JasperException: Unable to compile class for JSP: 

An error occurred at line: 11 in the jsp file: /zhuzhuangtu.jsp
Syntax error on token "new", invalid Expression
8: </head>
9: <body>
10: <%
11: List l=new.FunProjectInfo().showProjectVote(0,10);
12: String[] name=new String[10];	
13: int[] votenum=new int[10];	
14: ProjectInfo[] p = new ProjectInfo[10];


Stacktrace:
	at org.apache.jasper.compiler.DefaultErrorHandler.javacError(DefaultErrorHandler.java:103)
	at org.apache.jasper.compiler.ErrorDispatcher.javacError(ErrorDispatcher.java:366)
	at org.apache.jasper.compiler.JDTCompiler.generateClass(JDTCompiler.java:485)
	at org.apache.jasper.compiler.Compiler.compile(Compiler.java:379)
	at org.apache.jasper.compiler.Compiler.compile(Compiler.java:354)
	at org.apache.jasper.compiler.Compiler.compile(Compiler.java:341)
	at org.apache.jasper.JspCompilationContext.compile(JspCompilationContext.java:657)
	at org.apache.jasper.servlet.JspServletWrapper.service(JspServletWrapper.java:357)
	at org.apache.jasper.servlet.JspServlet.serviceJspFile(JspServlet.java:395)
	at org.apache.jasper.servlet.JspServlet.service(JspServlet.java:339)
	at javax.servlet.http.HttpServlet.service(HttpServlet.java:727)
	at org.apache.catalina.core.ApplicationFilterChain.internalDoFilter(ApplicationFilterChain.java:303)
	at org.apache.catalina.core.ApplicationFilterChain.doFilter(ApplicationFilterChain.java:208)
	at org.apache.tomcat.websocket.server.WsFilter.doFilter(WsFilter.java:52)
	at org.apache.catalina.core.ApplicationFilterChain.internalDoFilter(ApplicationFilterChain.java:241)
	at org.apache.catalina.core.ApplicationFilterChain.doFilter(ApplicationFilterChain.java:208)
	at org.apache.struts2.dispatcher.ng.filter.StrutsPrepareAndExecuteFilter.doFilter(StrutsPrepareAndExecuteFilter.java:96)
	at org.apache.catalina.core.ApplicationFilterChain.internalDoFilter(ApplicationFilterChain.java:241)
	at org.apache.catalina.core.ApplicationFilterChain.doFilter(ApplicationFilterChain.java:208)
	at org.apache.catalina.core.StandardWrapperValve.invoke(StandardWrapperValve.java:220)
	at org.apache.catalina.core.StandardContextValve.invoke(StandardContextValve.java:122)
	at org.apache.catalina.authenticator.AuthenticatorBase.invoke(AuthenticatorBase.java:504)
	at org.apache.catalina.core.StandardHostValve.invoke(StandardHostValve.java:170)
	at org.apache.catalina.valves.ErrorReportValve.invoke(ErrorReportValve.java:103)
	at org.apache.catalina.valves.AccessLogValve.invoke(AccessLogValve.java:950)
	at org.apache.catalina.core.StandardEngineValve.invoke(StandardEngineValve.java:116)
	at org.apache.catalina.connector.CoyoteAdapter.service(CoyoteAdapter.java:421)
	at org.apache.coyote.http11.AbstractHttp11Processor.process(AbstractHttp11Processor.java:1074)
	at org.apache.coyote.AbstractProtocol$AbstractConnectionHandler.process(AbstractProtocol.java:611)
	at org.apache.tomcat.util.net.JIoEndpoint$SocketProcessor.run(JIoEndpoint.java:316)
	at java.util.concurrent.ThreadPoolExecutor.runWorker(ThreadPoolExecutor.java:1142)
	at java.util.concurrent.ThreadPoolExecutor$Worker.run(ThreadPoolExecutor.java:617)
	at org.apache.tomcat.util.threads.TaskThread$WrappingRunnable.run(TaskThread.java:61)
	at java.lang.Thread.run(Thread.java:745)

五月 15, 2015 7:55:16 下午 org.apache.catalina.core.StandardWrapperValve invoke
严重: Servlet.service() for servlet [jsp] in context with path [] threw exception [Unable to compile class for JSP: 

An error occurred at line: 19 in the jsp file: /zhuzhuangtu.jsp
Type mismatch: cannot convert from Long to String
16: {
17: p[i] = (ProjectInfo)l.get(i);
18: 
19: name[i]=p[i].getProjectID();
20: votenum[i]=p[i].getVoteNum();
21: //out.print(name[i]);
22: //out.print(votenum[i]);


An error occurred at line: 20 in the jsp file: /zhuzhuangtu.jsp
Type mismatch: cannot convert from int to Long
17: p[i] = (ProjectInfo)l.get(i);
18: 
19: name[i]=p[i].getProjectID();
20: votenum[i]=p[i].getVoteNum();
21: //out.print(name[i]);
22: //out.print(votenum[i]);
23:  }	


Stacktrace:] with root cause
org.apache.jasper.JasperException: Unable to compile class for JSP: 

An error occurred at line: 19 in the jsp file: /zhuzhuangtu.jsp
Type mismatch: cannot convert from Long to String
16: {
17: p[i] = (ProjectInfo)l.get(i);
18: 
19: name[i]=p[i].getProjectID();
20: votenum[i]=p[i].getVoteNum();
21: //out.print(name[i]);
22: //out.print(votenum[i]);


An error occurred at line: 20 in the jsp file: /zhuzhuangtu.jsp
Type mismatch: cannot convert from int to Long
17: p[i] = (ProjectInfo)l.get(i);
18: 
19: name[i]=p[i].getProjectID();
20: votenum[i]=p[i].getVoteNum();
21: //out.print(name[i]);
22: //out.print(votenum[i]);
23:  }	


Stacktrace:
	at org.apache.jasper.compiler.DefaultErrorHandler.javacError(DefaultErrorHandler.java:103)
	at org.apache.jasper.compiler.ErrorDispatcher.javacError(ErrorDispatcher.java:366)
	at org.apache.jasper.compiler.JDTCompiler.generateClass(JDTCompiler.java:485)
	at org.apache.jasper.compiler.Compiler.compile(Compiler.java:379)
	at org.apache.jasper.compiler.Compiler.compile(Compiler.java:354)
	at org.apache.jasper.compiler.Compiler.compile(Compiler.java:341)
	at org.apache.jasper.JspCompilationContext.compile(JspCompilationContext.java:657)
	at org.apache.jasper.servlet.JspServletWrapper.service(JspServletWrapper.java:357)
	at org.apache.jasper.servlet.JspServlet.serviceJspFile(JspServlet.java:395)
	at org.apache.jasper.servlet.JspServlet.service(JspServlet.java:339)
	at javax.servlet.http.HttpServlet.service(HttpServlet.java:727)
	at org.apache.catalina.core.ApplicationFilterChain.internalDoFilter(ApplicationFilterChain.java:303)
	at org.apache.catalina.core.ApplicationFilterChain.doFilter(ApplicationFilterChain.java:208)
	at org.apache.tomcat.websocket.server.WsFilter.doFilter(WsFilter.java:52)
	at org.apache.catalina.core.ApplicationFilterChain.internalDoFilter(ApplicationFilterChain.java:241)
	at org.apache.catalina.core.ApplicationFilterChain.doFilter(ApplicationFilterChain.java:208)
	at org.apache.struts2.dispatcher.ng.filter.StrutsPrepareAndExecuteFilter.doFilter(StrutsPrepareAndExecuteFilter.java:96)
	at org.apache.catalina.core.ApplicationFilterChain.internalDoFilter(ApplicationFilterChain.java:241)
	at org.apache.catalina.core.ApplicationFilterChain.doFilter(ApplicationFilterChain.java:208)
	at org.apache.catalina.core.StandardWrapperValve.invoke(StandardWrapperValve.java:220)
	at org.apache.catalina.core.StandardContextValve.invoke(StandardContextValve.java:122)
	at org.apache.catalina.authenticator.AuthenticatorBase.invoke(AuthenticatorBase.java:504)
	at org.apache.catalina.core.StandardHostValve.invoke(StandardHostValve.java:170)
	at org.apache.catalina.valves.ErrorReportValve.invoke(ErrorReportValve.java:103)
	at org.apache.catalina.valves.AccessLogValve.invoke(AccessLogValve.java:950)
	at org.apache.catalina.core.StandardEngineValve.invoke(StandardEngineValve.java:116)
	at org.apache.catalina.connector.CoyoteAdapter.service(CoyoteAdapter.java:421)
	at org.apache.coyote.http11.AbstractHttp11Processor.process(AbstractHttp11Processor.java:1074)
	at org.apache.coyote.AbstractProtocol$AbstractConnectionHandler.process(AbstractProtocol.java:611)
	at org.apache.tomcat.util.net.JIoEndpoint$SocketProcessor.run(JIoEndpoint.java:314)
	at java.util.concurrent.ThreadPoolExecutor.runWorker(ThreadPoolExecutor.java:1142)
	at java.util.concurrent.ThreadPoolExecutor$Worker.run(ThreadPoolExecutor.java:617)
	at org.apache.tomcat.util.threads.TaskThread$WrappingRunnable.run(TaskThread.java:61)
	at java.lang.Thread.run(Thread.java:745)

五月 15, 2015 7:56:18 下午 org.apache.catalina.core.StandardWrapperValve invoke
严重: Servlet.service() for servlet [jsp] in context with path [] threw exception [Unable to compile class for JSP: 

An error occurred at line: 19 in the jsp file: /zhuzhuangtu.jsp
Type mismatch: cannot convert from Long to String
16: {
17: p[i] = (ProjectInfo)l.get(i);
18: 
19: name[i]=p[i].getProjectID();
20: votenum[i]=p[i].getVoteNum();
21: //out.print(name[i]);
22: //out.print(votenum[i]);


An error occurred at line: 20 in the jsp file: /zhuzhuangtu.jsp
Type mismatch: cannot convert from int to Long
17: p[i] = (ProjectInfo)l.get(i);
18: 
19: name[i]=p[i].getProjectID();
20: votenum[i]=p[i].getVoteNum();
21: //out.print(name[i]);
22: //out.print(votenum[i]);
23:  }	


Stacktrace:] with root cause
org.apache.jasper.JasperException: Unable to compile class for JSP: 

An error occurred at line: 19 in the jsp file: /zhuzhuangtu.jsp
Type mismatch: cannot convert from Long to String
16: {
17: p[i] = (ProjectInfo)l.get(i);
18: 
19: name[i]=p[i].getProjectID();
20: votenum[i]=p[i].getVoteNum();
21: //out.print(name[i]);
22: //out.print(votenum[i]);


An error occurred at line: 20 in the jsp file: /zhuzhuangtu.jsp
Type mismatch: cannot convert from int to Long
17: p[i] = (ProjectInfo)l.get(i);
18: 
19: name[i]=p[i].getProjectID();
20: votenum[i]=p[i].getVoteNum();
21: //out.print(name[i]);
22: //out.print(votenum[i]);
23:  }	


Stacktrace:
	at org.apache.jasper.compiler.DefaultErrorHandler.javacError(DefaultErrorHandler.java:103)
	at org.apache.jasper.compiler.ErrorDispatcher.javacError(ErrorDispatcher.java:366)
	at org.apache.jasper.compiler.JDTCompiler.generateClass(JDTCompiler.java:485)
	at org.apache.jasper.compiler.Compiler.compile(Compiler.java:379)
	at org.apache.jasper.compiler.Compiler.compile(Compiler.java:354)
	at org.apache.jasper.compiler.Compiler.compile(Compiler.java:341)
	at org.apache.jasper.JspCompilationContext.compile(JspCompilationContext.java:657)
	at org.apache.jasper.servlet.JspServletWrapper.service(JspServletWrapper.java:357)
	at org.apache.jasper.servlet.JspServlet.serviceJspFile(JspServlet.java:395)
	at org.apache.jasper.servlet.JspServlet.service(JspServlet.java:339)
	at javax.servlet.http.HttpServlet.service(HttpServlet.java:727)
	at org.apache.catalina.core.ApplicationFilterChain.internalDoFilter(ApplicationFilterChain.java:303)
	at org.apache.catalina.core.ApplicationFilterChain.doFilter(ApplicationFilterChain.java:208)
	at org.apache.tomcat.websocket.server.WsFilter.doFilter(WsFilter.java:52)
	at org.apache.catalina.core.ApplicationFilterChain.internalDoFilter(ApplicationFilterChain.java:241)
	at org.apache.catalina.core.ApplicationFilterChain.doFilter(ApplicationFilterChain.java:208)
	at org.apache.struts2.dispatcher.ng.filter.StrutsPrepareAndExecuteFilter.doFilter(StrutsPrepareAndExecuteFilter.java:96)
	at org.apache.catalina.core.ApplicationFilterChain.internalDoFilter(ApplicationFilterChain.java:241)
	at org.apache.catalina.core.ApplicationFilterChain.doFilter(ApplicationFilterChain.java:208)
	at org.apache.catalina.core.StandardWrapperValve.invoke(StandardWrapperValve.java:220)
	at org.apache.catalina.core.StandardContextValve.invoke(StandardContextValve.java:122)
	at org.apache.catalina.authenticator.AuthenticatorBase.invoke(AuthenticatorBase.java:504)
	at org.apache.catalina.core.StandardHostValve.invoke(StandardHostValve.java:170)
	at org.apache.catalina.valves.ErrorReportValve.invoke(ErrorReportValve.java:103)
	at org.apache.catalina.valves.AccessLogValve.invoke(AccessLogValve.java:950)
	at org.apache.catalina.core.StandardEngineValve.invoke(StandardEngineValve.java:116)
	at org.apache.catalina.connector.CoyoteAdapter.service(CoyoteAdapter.java:421)
	at org.apache.coyote.http11.AbstractHttp11Processor.process(AbstractHttp11Processor.java:1074)
	at org.apache.coyote.AbstractProtocol$AbstractConnectionHandler.process(AbstractProtocol.java:611)
	at org.apache.tomcat.util.net.JIoEndpoint$SocketProcessor.run(JIoEndpoint.java:314)
	at java.util.concurrent.ThreadPoolExecutor.runWorker(ThreadPoolExecutor.java:1142)
	at java.util.concurrent.ThreadPoolExecutor$Worker.run(ThreadPoolExecutor.java:617)
	at org.apache.tomcat.util.threads.TaskThread$WrappingRunnable.run(TaskThread.java:61)
	at java.lang.Thread.run(Thread.java:745)

